2018-07-13 17:38:55.552  INFO 14260 --- [main] com.swinginwind.test.RunTest             : Starting RunTest on Genertech0836 with PID 14260 (started by hadoop in F:\Career\Groups\Gener-Tech\AI-WorkSpace\Xql-Pay)
2018-07-13 17:38:55.560  INFO 14260 --- [main] com.swinginwind.test.RunTest             : The following profiles are active: dev
2018-07-13 17:38:55.699  INFO 14260 --- [main] o.s.w.c.s.GenericWebApplicationContext   : Refreshing org.springframework.web.context.support.GenericWebApplicationContext@36f48b4: startup date [Fri Jul 13 17:38:55 CST 2018]; root of context hierarchy
2018-07-13 17:39:11.994  INFO 14260 --- [main] s.w.s.m.m.a.RequestMappingHandlerAdapter : Looking for @ControllerAdvice: org.springframework.web.context.support.GenericWebApplicationContext@36f48b4: startup date [Fri Jul 13 17:38:55 CST 2018]; root of context hierarchy
2018-07-13 17:39:12.016  INFO 14260 --- [main] s.w.s.m.m.a.RequestMappingHandlerAdapter : Detected ResponseBodyAdvice bean in fastJsonpResponseBodyAdvice
2018-07-13 17:39:12.019  INFO 14260 --- [main] s.w.s.m.m.a.RequestMappingHandlerAdapter : Detected ResponseBodyAdvice bean in JSONPResponseBodyAdvice
2018-07-13 17:39:12.020  INFO 14260 --- [main] s.w.s.m.m.a.RequestMappingHandlerAdapter : Detected ResponseBodyAdvice bean in fastJsonViewResponseBodyAdvice
2018-07-13 17:39:12.263  INFO 14260 --- [main] s.w.s.m.m.a.RequestMappingHandlerMapping : Mapped "{[/alipay]}" onto public java.lang.String com.swinginwind.xql.pay.controller.alipay.AliPayController.index()
2018-07-13 17:39:12.267  INFO 14260 --- [main] s.w.s.m.m.a.RequestMappingHandlerMapping : Mapped "{[/alipay/test]}" onto public java.lang.String com.swinginwind.xql.pay.controller.alipay.AliPayController.test()
2018-07-13 17:39:12.269  INFO 14260 --- [main] s.w.s.m.m.a.RequestMappingHandlerMapping : Mapped "{[/alipay/transfer]}" onto public boolean com.swinginwind.xql.pay.controller.alipay.AliPayController.transfer()
2018-07-13 17:39:12.270  INFO 14260 --- [main] s.w.s.m.m.a.RequestMappingHandlerMapping : Mapped "{[/alipay/tradePrecreatePay]}" onto public java.lang.String com.swinginwind.xql.pay.controller.alipay.AliPayController.tradePrecreatePay()
2018-07-13 17:39:12.520  INFO 14260 --- [main] s.w.s.m.m.a.RequestMappingHandlerMapping : Mapped "{[/alipay/dataDataserviceBill]}" onto public java.lang.String com.swinginwind.xql.pay.controller.alipay.AliPayController.dataDataserviceBill(java.lang.String)
2018-07-13 17:39:12.521  INFO 14260 --- [main] s.w.s.m.m.a.RequestMappingHandlerMapping : Mapped "{[/alipay/tradeRefund]}" onto public java.lang.String com.swinginwind.xql.pay.controller.alipay.AliPayController.tradeRefund(com.swinginwind.xql.pay.entity.RefundRecord)
2018-07-13 17:39:12.526  INFO 14260 --- [main] s.w.s.m.m.a.RequestMappingHandlerMapping : Mapped "{[/alipay/tradeCreate]}" onto public java.lang.String com.swinginwind.xql.pay.controller.alipay.AliPayController.tradeCreate(java.lang.String)
2018-07-13 17:39:12.527  INFO 14260 --- [main] s.w.s.m.m.a.RequestMappingHandlerMapping : Mapped "{[/alipay/tradeCancel]}" onto public boolean com.swinginwind.xql.pay.controller.alipay.AliPayController.tradeCancel()
2018-07-13 17:39:12.528  INFO 14260 --- [main] s.w.s.m.m.a.RequestMappingHandlerMapping : Mapped "{[/alipay/tradeQuery]}" onto public boolean com.swinginwind.xql.pay.controller.alipay.AliPayController.tradeQuery()
2018-07-13 17:39:12.529  INFO 14260 --- [main] s.w.s.m.m.a.RequestMappingHandlerMapping : Mapped "{[/alipay/tradeClose]}" onto public java.lang.String com.swinginwind.xql.pay.controller.alipay.AliPayController.tradeClose(java.lang.String,java.lang.String)
2018-07-13 17:39:12.530  INFO 14260 --- [main] s.w.s.m.m.a.RequestMappingHandlerMapping : Mapped "{[/alipay/return_url]}" onto public java.lang.String com.swinginwind.xql.pay.controller.alipay.AliPayController.return_url(javax.servlet.http.HttpServletRequest)
2018-07-13 17:39:12.531  INFO 14260 --- [main] s.w.s.m.m.a.RequestMappingHandlerMapping : Mapped "{[/alipay/tradeOrderSettle]}" onto public java.lang.String com.swinginwind.xql.pay.controller.alipay.AliPayController.tradeOrderSettle(java.lang.String)
2018-07-13 17:39:12.533  INFO 14260 --- [main] s.w.s.m.m.a.RequestMappingHandlerMapping : Mapped "{[/alipay/notify_url]}" onto public java.lang.String com.swinginwind.xql.pay.controller.alipay.AliPayController.notify_url(javax.servlet.http.HttpServletRequest)
2018-07-13 17:39:12.537  INFO 14260 --- [main] s.w.s.m.m.a.RequestMappingHandlerMapping : Mapped "{[/alipay/tradeQueryByStr]}" onto public java.lang.String com.swinginwind.xql.pay.controller.alipay.AliPayController.tradeQueryByStr(java.lang.String)
2018-07-13 17:39:12.540  INFO 14260 --- [main] s.w.s.m.m.a.RequestMappingHandlerMapping : Mapped "{[/alipay/tradeWavePay]}" onto public java.lang.String com.swinginwind.xql.pay.controller.alipay.AliPayController.tradeWavePay(java.lang.String)
2018-07-13 17:39:12.542  INFO 14260 --- [main] s.w.s.m.m.a.RequestMappingHandlerMapping : Mapped "{[/alipay/wapPay]}" onto public void com.swinginwind.xql.pay.controller.alipay.AliPayController.wapPay(javax.servlet.http.HttpServletRequest,javax.servlet.http.HttpServletResponse,com.swinginwind.xql.pay.entity.PayRecord)
2018-07-13 17:39:12.543  INFO 14260 --- [main] s.w.s.m.m.a.RequestMappingHandlerMapping : Mapped "{[/alipay/pcPay]}" onto public void com.swinginwind.xql.pay.controller.alipay.AliPayController.pcPay(javax.servlet.http.HttpServletRequest,javax.servlet.http.HttpServletResponse,com.swinginwind.xql.pay.entity.PayRecord)
2018-07-13 17:39:12.545  INFO 14260 --- [main] s.w.s.m.m.a.RequestMappingHandlerMapping : Mapped "{[/alipay/tradePay]}" onto public java.lang.String com.swinginwind.xql.pay.controller.alipay.AliPayController.tradePay(java.lang.String)
2018-07-13 17:39:12.546  INFO 14260 --- [main] s.w.s.m.m.a.RequestMappingHandlerMapping : Mapped "{[/alipay/appPay]}" onto public com.jpay.vo.AjaxResult com.swinginwind.xql.pay.controller.alipay.AliPayController.appPay()
2018-07-13 17:39:12.549  INFO 14260 --- [main] s.w.s.m.m.a.RequestMappingHandlerMapping : Mapped "{[]}" onto public java.lang.String com.swinginwind.xql.pay.controller.IndexController.index(javax.servlet.http.HttpServletRequest)
2018-07-13 17:39:12.549  INFO 14260 --- [main] s.w.s.m.m.a.RequestMappingHandlerMapping : Mapped "{[/xxx],methods=[GET]}" onto public java.lang.String com.swinginwind.xql.pay.controller.IndexController.param2(java.lang.Integer)
2018-07-13 17:39:12.550  INFO 14260 --- [main] s.w.s.m.m.a.RequestMappingHandlerMapping : Mapped "{[/xx],methods=[GET]}" onto public java.lang.String com.swinginwind.xql.pay.controller.IndexController.param(java.lang.Integer)
2018-07-13 17:39:12.551  INFO 14260 --- [main] s.w.s.m.m.a.RequestMappingHandlerMapping : Mapped "{[/ss/{id}],methods=[GET]}" onto public java.lang.String com.swinginwind.xql.pay.controller.IndexController.pa(java.lang.Integer)
2018-07-13 17:39:12.553  INFO 14260 --- [main] s.w.s.m.m.a.RequestMappingHandlerMapping : Mapped "{[/refundRecord]}" onto public java.lang.String com.swinginwind.xql.pay.controller.IndexController.refund_record()
2018-07-13 17:39:12.556  INFO 14260 --- [main] s.w.s.m.m.a.RequestMappingHandlerMapping : Mapped "{[/payRecord]}" onto public java.lang.String com.swinginwind.xql.pay.controller.IndexController.pay_record()
2018-07-13 17:39:12.557  INFO 14260 --- [main] s.w.s.m.m.a.RequestMappingHandlerMapping : Mapped "{[/paySelect]}" onto public java.lang.String com.swinginwind.xql.pay.controller.IndexController.pay_select()
2018-07-13 17:39:12.557  INFO 14260 --- [main] s.w.s.m.m.a.RequestMappingHandlerMapping : Mapped "{[/towxpay]}" onto public java.lang.String com.swinginwind.xql.pay.controller.IndexController.towxpay()
2018-07-13 17:39:12.558  INFO 14260 --- [main] s.w.s.m.m.a.RequestMappingHandlerMapping : Mapped "{[/success]}" onto public java.lang.String com.swinginwind.xql.pay.controller.IndexController.success()
2018-07-13 17:39:12.559  INFO 14260 --- [main] s.w.s.m.m.a.RequestMappingHandlerMapping : Mapped "{[/baseProduct/query]}" onto public java.util.List<com.swinginwind.xql.pay.entity.BaseProduct> com.swinginwind.xql.pay.controller.record.BaseProductController.query()
2018-07-13 17:39:12.561  INFO 14260 --- [main] s.w.s.m.m.a.RequestMappingHandlerMapping : Mapped "{[/payRecord/query]}" onto public java.util.Map<java.lang.String, java.lang.Object> com.swinginwind.xql.pay.controller.record.PayRecordController.query(com.swinginwind.xql.pay.entity.PayRecord)
2018-07-13 17:39:12.565  INFO 14260 --- [main] s.w.s.m.m.a.RequestMappingHandlerMapping : Mapped "{[/refundRecord/query]}" onto public java.util.Map<java.lang.String, java.lang.Object> com.swinginwind.xql.pay.controller.record.RefundRecordController.query(com.swinginwind.xql.pay.entity.RefundRecord)
2018-07-13 17:39:12.574  INFO 14260 --- [main] s.w.s.m.m.a.RequestMappingHandlerMapping : Mapped "{[/unionpay]}" onto public java.lang.String com.swinginwind.xql.pay.controller.unionpay.UnionPayController.index()
2018-07-13 17:39:12.577  INFO 14260 --- [main] s.w.s.m.m.a.RequestMappingHandlerMapping : Mapped "{[/unionpay/query],methods=[POST || GET]}" onto public void com.swinginwind.xql.pay.controller.unionpay.UnionPayController.query(javax.servlet.http.HttpServletResponse)
2018-07-13 17:39:12.579  INFO 14260 --- [main] s.w.s.m.m.a.RequestMappingHandlerMapping : Mapped "{[/unionpay/appConsume],methods=[POST || GET]}" onto public com.jpay.vo.AjaxResult com.swinginwind.xql.pay.controller.unionpay.UnionPayController.appConsume()
2018-07-13 17:39:12.580  INFO 14260 --- [main] s.w.s.m.m.a.RequestMappingHandlerMapping : Mapped "{[/unionpay/openAndConsume],methods=[POST || GET]}" onto public void com.swinginwind.xql.pay.controller.unionpay.UnionPayController.openAndConsume(javax.servlet.http.HttpServletResponse)
2018-07-13 17:39:12.580  INFO 14260 --- [main] s.w.s.m.m.a.RequestMappingHandlerMapping : Mapped "{[/unionpay/backRcvResponse],methods=[POST || GET]}" onto public java.lang.String com.swinginwind.xql.pay.controller.unionpay.UnionPayController.backRcvResponse(javax.servlet.http.HttpServletRequest)
2018-07-13 17:39:12.582  INFO 14260 --- [main] s.w.s.m.m.a.RequestMappingHandlerMapping : Mapped "{[/unionpay/openCardFront],methods=[POST || GET]}" onto public void com.swinginwind.xql.pay.controller.unionpay.UnionPayController.openCardFront(javax.servlet.http.HttpServletResponse)
2018-07-13 17:39:12.583  INFO 14260 --- [main] s.w.s.m.m.a.RequestMappingHandlerMapping : Mapped "{[/unionpay/frontRcvResponse],methods=[POST || GET]}" onto public java.lang.String com.swinginwind.xql.pay.controller.unionpay.UnionPayController.frontRcvResponse(javax.servlet.http.HttpServletRequest,javax.servlet.http.HttpServletResponse)
2018-07-13 17:39:12.584  INFO 14260 --- [main] s.w.s.m.m.a.RequestMappingHandlerMapping : Mapped "{[/unionpay/queryB2B],methods=[POST || GET]}" onto public void com.swinginwind.xql.pay.controller.unionpay.UnionPayController.queryB2B(javax.servlet.http.HttpServletResponse)
2018-07-13 17:39:12.584  INFO 14260 --- [main] s.w.s.m.m.a.RequestMappingHandlerMapping : Mapped "{[/unionpay/refund],methods=[POST || GET]}" onto public void com.swinginwind.xql.pay.controller.unionpay.UnionPayController.refund(javax.servlet.http.HttpServletResponse)
2018-07-13 17:39:12.584  INFO 14260 --- [main] s.w.s.m.m.a.RequestMappingHandlerMapping : Mapped "{[/unionpay/fileTransfer],methods=[POST || GET]}" onto public void com.swinginwind.xql.pay.controller.unionpay.UnionPayController.fileTransfer(javax.servlet.http.HttpServletResponse)
2018-07-13 17:39:12.585  INFO 14260 --- [main] s.w.s.m.m.a.RequestMappingHandlerMapping : Mapped "{[/unionpay/repaymentGateway],methods=[POST || GET]}" onto public void com.swinginwind.xql.pay.controller.unionpay.UnionPayController.repaymentGateway(javax.servlet.http.HttpServletResponse)
2018-07-13 17:39:12.585  INFO 14260 --- [main] s.w.s.m.m.a.RequestMappingHandlerMapping : Mapped "{[/unionpay/daiShou1102],methods=[POST || GET]}" onto public void com.swinginwind.xql.pay.controller.unionpay.UnionPayController.daiShou1102(javax.servlet.http.HttpServletResponse)
2018-07-13 17:39:12.586  INFO 14260 --- [main] s.w.s.m.m.a.RequestMappingHandlerMapping : Mapped "{[/unionpay/openQuery],methods=[POST || GET]}" onto public void com.swinginwind.xql.pay.controller.unionpay.UnionPayController.openQuery(javax.servlet.http.HttpServletResponse)
2018-07-13 17:39:12.588  INFO 14260 --- [main] s.w.s.m.m.a.RequestMappingHandlerMapping : Mapped "{[/unionpay/qrCodePay],methods=[POST || GET]}" onto public void com.swinginwind.xql.pay.controller.unionpay.UnionPayController.qrCodePay(javax.servlet.http.HttpServletResponse)
2018-07-13 17:39:12.588  INFO 14260 --- [main] s.w.s.m.m.a.RequestMappingHandlerMapping : Mapped "{[/unionpay/removeWt],methods=[POST || GET]}" onto public void com.swinginwind.xql.pay.controller.unionpay.UnionPayController.removeWt(javax.servlet.http.HttpServletResponse)
2018-07-13 17:39:12.589  INFO 14260 --- [main] s.w.s.m.m.a.RequestMappingHandlerMapping : Mapped "{[/unionpay/jlwtFront],methods=[POST || GET]}" onto public void com.swinginwind.xql.pay.controller.unionpay.UnionPayController.jlwtFront(javax.servlet.http.HttpServletResponse)
2018-07-13 17:39:12.590  INFO 14260 --- [main] s.w.s.m.m.a.RequestMappingHandlerMapping : Mapped "{[/unionpay/jlwtBack],methods=[POST || GET]}" onto public void com.swinginwind.xql.pay.controller.unionpay.UnionPayController.jlwtBack(javax.servlet.http.HttpServletResponse)
2018-07-13 17:39:12.590  INFO 14260 --- [main] s.w.s.m.m.a.RequestMappingHandlerMapping : Mapped "{[/unionpay/frontConsume],methods=[POST || GET]}" onto public void com.swinginwind.xql.pay.controller.unionpay.UnionPayController.frontConsume(javax.servlet.http.HttpServletResponse)
2018-07-13 17:39:12.591  INFO 14260 --- [main] s.w.s.m.m.a.RequestMappingHandlerMapping : Mapped "{[/unionpay/wapConsume],methods=[POST || GET]}" onto public void com.swinginwind.xql.pay.controller.unionpay.UnionPayController.wapConsume(javax.servlet.http.HttpServletResponse)
2018-07-13 17:39:12.591  INFO 14260 --- [main] s.w.s.m.m.a.RequestMappingHandlerMapping : Mapped "{[/unionpay/frontConsume2],methods=[POST || GET]}" onto public void com.swinginwind.xql.pay.controller.unionpay.UnionPayController.frontConsume2(javax.servlet.http.HttpServletResponse)
2018-07-13 17:39:12.597  INFO 14260 --- [main] s.w.s.m.m.a.RequestMappingHandlerMapping : Mapped "{[/wxpay]}" onto public java.lang.String com.swinginwind.xql.pay.controller.wxpay.WxPayController.index()
2018-07-13 17:39:12.598  INFO 14260 --- [main] s.w.s.m.m.a.RequestMappingHandlerMapping : Mapped "{[/wxpay/getKey]}" onto public java.lang.String com.swinginwind.xql.pay.controller.wxpay.WxPayController.getKey()
2018-07-13 17:39:12.600  INFO 14260 --- [main] s.w.s.m.m.a.RequestMappingHandlerMapping : Mapped "{[/wxpay/test]}" onto public java.lang.String com.swinginwind.xql.pay.controller.wxpay.WxPayController.test()
2018-07-13 17:39:12.602  INFO 14260 --- [main] s.w.s.m.m.a.RequestMappingHandlerMapping : Mapped "{[/wxpay/ctp]}" onto public java.lang.String com.swinginwind.xql.pay.controller.wxpay.WxPayController.ctp(javax.servlet.http.HttpServletRequest)
2018-07-13 17:39:12.603  INFO 14260 --- [main] s.w.s.m.m.a.RequestMappingHandlerMapping : Mapped "{[/wxpay/testWeChat]}" onto public java.lang.String com.swinginwind.xql.pay.controller.wxpay.WxPayController.testWeChat()
2018-07-13 17:39:12.605  INFO 14260 --- [main] s.w.s.m.m.a.RequestMappingHandlerMapping : Mapped "{[/wxpay/webPay],methods=[POST || GET]}" onto public com.jpay.vo.AjaxResult com.swinginwind.xql.pay.controller.wxpay.WxPayController.webPay(javax.servlet.http.HttpServletRequest,javax.servlet.http.HttpServletResponse,com.swinginwind.xql.pay.entity.PayRecord)
2018-07-13 17:39:12.606  INFO 14260 --- [main] s.w.s.m.m.a.RequestMappingHandlerMapping : Mapped "{[/wxpay/micropay],methods=[POST || GET]}" onto public com.jpay.vo.AjaxResult com.swinginwind.xql.pay.controller.wxpay.WxPayController.micropay(javax.servlet.http.HttpServletRequest,javax.servlet.http.HttpServletResponse)
2018-07-13 17:39:12.607  INFO 14260 --- [main] s.w.s.m.m.a.RequestMappingHandlerMapping : Mapped "{[/wxpay/scanCode1],methods=[POST || GET]}" onto public com.jpay.vo.AjaxResult com.swinginwind.xql.pay.controller.wxpay.WxPayController.scanCode1(javax.servlet.http.HttpServletRequest,javax.servlet.http.HttpServletResponse,java.lang.String)
2018-07-13 17:39:12.611  INFO 14260 --- [main] s.w.s.m.m.a.RequestMappingHandlerMapping : Mapped "{[/wxpay/wxpay],methods=[POST || GET]}" onto public java.lang.String com.swinginwind.xql.pay.controller.wxpay.WxPayController.wxpay(javax.servlet.http.HttpServletRequest,javax.servlet.http.HttpServletResponse)
2018-07-13 17:39:12.615  INFO 14260 --- [main] s.w.s.m.m.a.RequestMappingHandlerMapping : Mapped "{[/wxpay/scanCode2],methods=[POST || GET]}" onto public com.jpay.vo.AjaxResult com.swinginwind.xql.pay.controller.wxpay.WxPayController.scanCode2(javax.servlet.http.HttpServletRequest,javax.servlet.http.HttpServletResponse,com.swinginwind.xql.pay.entity.PayRecord)
2018-07-13 17:39:12.616  INFO 14260 --- [main] s.w.s.m.m.a.RequestMappingHandlerMapping : Mapped "{[/wxpay/pay_notify],methods=[POST || GET]}" onto public java.lang.String com.swinginwind.xql.pay.controller.wxpay.WxPayController.pay_notify(javax.servlet.http.HttpServletRequest)
2018-07-13 17:39:12.616  INFO 14260 --- [main] s.w.s.m.m.a.RequestMappingHandlerMapping : Mapped "{[/wxpay/refund_notify],methods=[POST || GET]}" onto public java.lang.String com.swinginwind.xql.pay.controller.wxpay.WxPayController.refund_notify(javax.servlet.http.HttpServletRequest)
2018-07-13 17:39:12.617  INFO 14260 --- [main] s.w.s.m.m.a.RequestMappingHandlerMapping : Mapped "{[/wxpay/tradeRefund]}" onto public java.lang.String com.swinginwind.xql.pay.controller.wxpay.WxPayController.tradeRefund(com.swinginwind.xql.pay.entity.RefundRecord)
2018-07-13 17:39:12.620  INFO 14260 --- [main] s.w.s.m.m.a.RequestMappingHandlerMapping : Mapped "{[/wxpay/return_url]}" onto public java.lang.String com.swinginwind.xql.pay.controller.wxpay.WxPayController.return_url(javax.servlet.http.HttpServletRequest)
2018-07-13 17:39:12.621  INFO 14260 --- [main] s.w.s.m.m.a.RequestMappingHandlerMapping : Mapped "{[/wxpay/wapPay],methods=[POST || GET]}" onto public void com.swinginwind.xql.pay.controller.wxpay.WxPayController.wapPay(javax.servlet.http.HttpServletRequest,javax.servlet.http.HttpServletResponse,com.swinginwind.xql.pay.entity.PayRecord)
2018-07-13 17:39:12.622  INFO 14260 --- [main] s.w.s.m.m.a.RequestMappingHandlerMapping : Mapped "{[/wxpay/appPay],methods=[POST || GET]}" onto public com.jpay.vo.AjaxResult com.swinginwind.xql.pay.controller.wxpay.WxPayController.appPay(javax.servlet.http.HttpServletRequest)
2018-07-13 17:39:12.636  INFO 14260 --- [main] s.w.s.m.m.a.RequestMappingHandlerMapping : Mapped "{[/wechat/logout],methods=[GET]}" onto public java.lang.String com.swinginwind.xql.wechat.controller.WechatController.logout(javax.servlet.http.HttpServletRequest)
2018-07-13 17:39:12.654  INFO 14260 --- [main] s.w.s.m.m.a.RequestMappingHandlerMapping : Mapped "{[/wechat/getCurrentWxUser],methods=[GET]}" onto public java.lang.Object com.swinginwind.xql.wechat.controller.WechatController.getCurrentWxUser(javax.servlet.http.HttpServletRequest)
2018-07-13 17:39:12.655  INFO 14260 --- [main] s.w.s.m.m.a.RequestMappingHandlerMapping : Mapped "{[/wechat/authorizePc],methods=[GET]}" onto public java.lang.String com.swinginwind.xql.wechat.controller.WechatController.authorizePc(javax.servlet.http.HttpServletRequest) throws java.io.UnsupportedEncodingException
2018-07-13 17:39:12.655  INFO 14260 --- [main] s.w.s.m.m.a.RequestMappingHandlerMapping : Mapped "{[/wechat/userInfoMp],methods=[GET]}" onto public java.lang.String com.swinginwind.xql.wechat.controller.WechatController.userInfoMp(javax.servlet.http.HttpServletRequest,java.lang.String,java.lang.String)
2018-07-13 17:39:12.656  INFO 14260 --- [main] s.w.s.m.m.a.RequestMappingHandlerMapping : Mapped "{[/wechat/userInfoWeb],methods=[GET]}" onto public java.lang.String com.swinginwind.xql.wechat.controller.WechatController.userInfoWeb(javax.servlet.http.HttpServletRequest,java.lang.String,java.lang.String)
2018-07-13 17:39:12.656  INFO 14260 --- [main] s.w.s.m.m.a.RequestMappingHandlerMapping : Mapped "{[/wechat],methods=[GET],produces=[text/plain;charset=utf-8]}" onto public java.lang.String com.swinginwind.xql.wechat.controller.WechatController.authGet(java.lang.String,java.lang.String,java.lang.String,java.lang.String)
2018-07-13 17:39:12.657  INFO 14260 --- [main] s.w.s.m.m.a.RequestMappingHandlerMapping : Mapped "{[/wechat/authorizeWap],methods=[GET]}" onto public java.lang.String com.swinginwind.xql.wechat.controller.WechatController.authorizeWap(javax.servlet.http.HttpServletRequest) throws java.io.UnsupportedEncodingException
2018-07-13 17:39:12.661  INFO 14260 --- [main] s.w.s.m.m.a.RequestMappingHandlerMapping : Mapped "{[/wechat],methods=[POST],produces=[application/xml;charset=UTF-8]}" onto public java.lang.String com.swinginwind.xql.wechat.controller.WechatController.post(java.lang.String,java.lang.String,java.lang.String,java.lang.String,java.lang.String,java.lang.String)
2018-07-13 17:39:12.662  INFO 14260 --- [main] s.w.s.m.m.a.RequestMappingHandlerMapping : Mapped "{[/error]}" onto public org.springframework.http.ResponseEntity<java.util.Map<java.lang.String, java.lang.Object>> com.swinginwind.xql.wechat.controller.WxErrorController.error(javax.servlet.http.HttpServletRequest)
2018-07-13 17:39:12.662  INFO 14260 --- [main] s.w.s.m.m.a.RequestMappingHandlerMapping : Mapped "{[/error],produces=[text/html]}" onto public org.springframework.web.servlet.ModelAndView com.swinginwind.xql.wechat.controller.WxErrorController.errorHtml(javax.servlet.http.HttpServletRequest)
2018-07-13 17:39:12.675  INFO 14260 --- [main] s.w.s.m.m.a.RequestMappingHandlerMapping : Mapped "{[/wechat/menu/create],methods=[GET]}" onto public java.lang.String com.swinginwind.xql.wechat.controller.WxMenuController.menuCreateSample() throws me.chanjar.weixin.common.exception.WxErrorException
2018-07-13 17:39:12.676  INFO 14260 --- [main] s.w.s.m.m.a.RequestMappingHandlerMapping : Mapped "{[/wechat/menu/get],methods=[GET]}" onto public me.chanjar.weixin.mp.bean.menu.WxMpMenu com.swinginwind.xql.wechat.controller.WxMenuController.menuGet() throws me.chanjar.weixin.common.exception.WxErrorException
2018-07-13 17:39:12.678  INFO 14260 --- [main] s.w.s.m.m.a.RequestMappingHandlerMapping : Mapped "{[/wechat/menu/create],methods=[POST]}" onto public java.lang.String com.swinginwind.xql.wechat.controller.WxMenuController.menuCreate(me.chanjar.weixin.common.bean.menu.WxMenu) throws me.chanjar.weixin.common.exception.WxErrorException
2018-07-13 17:39:12.678  INFO 14260 --- [main] s.w.s.m.m.a.RequestMappingHandlerMapping : Mapped "{[/wechat/menu/create/{json}],methods=[GET]}" onto public java.lang.String com.swinginwind.xql.wechat.controller.WxMenuController.menuCreate(java.lang.String) throws me.chanjar.weixin.common.exception.WxErrorException
2018-07-13 17:39:12.682  INFO 14260 --- [main] s.w.s.m.m.a.RequestMappingHandlerMapping : Mapped "{[/wechat/menu/menuTryMatch/{userid}],methods=[GET]}" onto public me.chanjar.weixin.common.bean.menu.WxMenu com.swinginwind.xql.wechat.controller.WxMenuController.menuTryMatch(java.lang.String) throws me.chanjar.weixin.common.exception.WxErrorException
2018-07-13 17:39:12.683  INFO 14260 --- [main] s.w.s.m.m.a.RequestMappingHandlerMapping : Mapped "{[/wechat/menu/getSelfMenuInfo],methods=[GET]}" onto public me.chanjar.weixin.mp.bean.menu.WxMpGetSelfMenuInfoResult com.swinginwind.xql.wechat.controller.WxMenuController.getSelfMenuInfo() throws me.chanjar.weixin.common.exception.WxErrorException
2018-07-13 17:39:12.683  INFO 14260 --- [main] s.w.s.m.m.a.RequestMappingHandlerMapping : Mapped "{[/wechat/menu/delete/{menuId}],methods=[GET]}" onto public void com.swinginwind.xql.wechat.controller.WxMenuController.menuDelete(java.lang.String) throws me.chanjar.weixin.common.exception.WxErrorException
2018-07-13 17:39:12.684  INFO 14260 --- [main] s.w.s.m.m.a.RequestMappingHandlerMapping : Mapped "{[/wechat/menu/delete],methods=[GET]}" onto public void com.swinginwind.xql.wechat.controller.WxMenuController.menuDelete() throws me.chanjar.weixin.common.exception.WxErrorException
2018-07-13 17:39:12.799  INFO 14260 --- [main] o.s.w.s.handler.SimpleUrlHandlerMapping  : Mapped URL path [/webjars/**] onto handler of type [class org.springframework.web.servlet.resource.ResourceHttpRequestHandler]
2018-07-13 17:39:12.800  INFO 14260 --- [main] o.s.w.s.handler.SimpleUrlHandlerMapping  : Mapped URL path [/**] onto handler of type [class org.springframework.web.servlet.resource.ResourceHttpRequestHandler]
2018-07-13 17:39:12.848  INFO 14260 --- [main] .m.m.a.ExceptionHandlerExceptionResolver : Detected ResponseBodyAdvice implementation in fastJsonpResponseBodyAdvice
2018-07-13 17:39:12.852  INFO 14260 --- [main] .m.m.a.ExceptionHandlerExceptionResolver : Detected ResponseBodyAdvice implementation in JSONPResponseBodyAdvice
2018-07-13 17:39:12.853  INFO 14260 --- [main] .m.m.a.ExceptionHandlerExceptionResolver : Detected ResponseBodyAdvice implementation in fastJsonViewResponseBodyAdvice
2018-07-13 17:39:12.956  INFO 14260 --- [main] o.s.w.s.handler.SimpleUrlHandlerMapping  : Mapped URL path [/**/favicon.ico] onto handler of type [class org.springframework.web.servlet.resource.ResourceHttpRequestHandler]
2018-07-13 17:39:14.162  INFO 14260 --- [main] c.s.xql.pay.config.StartupRunner         : startup runner
2018-07-13 17:39:14.171  INFO 14260 --- [main] ACP_SDK_LOG                              : 从classpath: /F:/Career/Groups/Gener-Tech/AI-WorkSpace/Xql-Pay/target/test-classes/ 获取属性文件acp_sdk.properties
2018-07-13 17:39:14.184  INFO 14260 --- [main] ACP_SDK_LOG                              : 开始从属性文件中加载配置项
2018-07-13 17:39:14.189  INFO 14260 --- [main] ACP_SDK_LOG                              : 配置项：私钥签名证书路径==>acpsdk.signCert.path==>D:/certs/acp_test_sign.pfx 已加载
2018-07-13 17:39:14.195  INFO 14260 --- [main] ACP_SDK_LOG                              : 配置项：私钥签名证书密码==>acpsdk.signCert.pwd 已加载
2018-07-13 17:39:14.196  INFO 14260 --- [main] ACP_SDK_LOG                              : 配置项：私钥签名证书类型==>acpsdk.signCert.type==>PKCS12 已加载
2018-07-13 17:39:14.199  INFO 14260 --- [main] ACP_SDK_LOG                              : 配置项：敏感信息加密证书==>acpsdk.encryptCert.path==>D:/certs/acp_test_enc.cer 已加载
2018-07-13 17:39:14.200  INFO 14260 --- [main] c.swinginwind.xql.pay.config.TaskRunner  : task runner
2018-07-13 17:39:14.203  INFO 14260 --- [main] com.swinginwind.test.RunTest             : Started RunTest in 19.607 seconds (JVM running for 21.355)
2018-07-13 17:39:14.690  INFO 14260 --- [main] com.alibaba.druid.pool.DruidDataSource   : {dataSource-1} inited
2018-07-13 17:39:15.403  INFO 14260 --- [main] o.s.b.f.xml.XmlBeanDefinitionReader      : Loading XML bean definitions from class path resource [org/springframework/jdbc/support/sql-error-codes.xml]
2018-07-13 17:39:15.525  INFO 14260 --- [main] o.s.jdbc.support.SQLErrorCodesFactory    : SQLErrorCodes loaded: [DB2, Derby, H2, HSQL, Informix, MS-SQL, MySQL, Oracle, PostgreSQL, Sybase, Hana]
2018-07-13 17:39:15.596  INFO 14260 --- [Thread-3] o.s.w.c.s.GenericWebApplicationContext   : Closing org.springframework.web.context.support.GenericWebApplicationContext@36f48b4: startup date [Fri Jul 13 17:38:55 CST 2018]; root of context hierarchy
2018-07-13 17:39:15.633  INFO 14260 --- [Thread-3] com.alibaba.druid.pool.DruidDataSource   : {dataSource-1} closed
2018-07-13 17:40:23.904  INFO 2700 --- [main] com.swinginwind.test.RunTest             : Starting RunTest on Genertech0836 with PID 2700 (started by hadoop in F:\Career\Groups\Gener-Tech\AI-WorkSpace\Xql-Pay)
2018-07-13 17:40:23.907  INFO 2700 --- [main] com.swinginwind.test.RunTest             : The following profiles are active: dev
2018-07-13 17:40:24.039  INFO 2700 --- [main] o.s.w.c.s.GenericWebApplicationContext   : Refreshing org.springframework.web.context.support.GenericWebApplicationContext@36f48b4: startup date [Fri Jul 13 17:40:24 CST 2018]; root of context hierarchy
2018-07-13 17:40:39.010  INFO 2700 --- [main] s.w.s.m.m.a.RequestMappingHandlerAdapter : Looking for @ControllerAdvice: org.springframework.web.context.support.GenericWebApplicationContext@36f48b4: startup date [Fri Jul 13 17:40:24 CST 2018]; root of context hierarchy
2018-07-13 17:40:39.025  INFO 2700 --- [main] s.w.s.m.m.a.RequestMappingHandlerAdapter : Detected ResponseBodyAdvice bean in fastJsonpResponseBodyAdvice
2018-07-13 17:40:39.027  INFO 2700 --- [main] s.w.s.m.m.a.RequestMappingHandlerAdapter : Detected ResponseBodyAdvice bean in JSONPResponseBodyAdvice
2018-07-13 17:40:39.027  INFO 2700 --- [main] s.w.s.m.m.a.RequestMappingHandlerAdapter : Detected ResponseBodyAdvice bean in fastJsonViewResponseBodyAdvice
2018-07-13 17:40:39.239  INFO 2700 --- [main] s.w.s.m.m.a.RequestMappingHandlerMapping : Mapped "{[/alipay]}" onto public java.lang.String com.swinginwind.xql.pay.controller.alipay.AliPayController.index()
2018-07-13 17:40:39.241  INFO 2700 --- [main] s.w.s.m.m.a.RequestMappingHandlerMapping : Mapped "{[/alipay/test]}" onto public java.lang.String com.swinginwind.xql.pay.controller.alipay.AliPayController.test()
2018-07-13 17:40:39.242  INFO 2700 --- [main] s.w.s.m.m.a.RequestMappingHandlerMapping : Mapped "{[/alipay/transfer]}" onto public boolean com.swinginwind.xql.pay.controller.alipay.AliPayController.transfer()
2018-07-13 17:40:39.245  INFO 2700 --- [main] s.w.s.m.m.a.RequestMappingHandlerMapping : Mapped "{[/alipay/appPay]}" onto public com.jpay.vo.AjaxResult com.swinginwind.xql.pay.controller.alipay.AliPayController.appPay()
2018-07-13 17:40:39.246  INFO 2700 --- [main] s.w.s.m.m.a.RequestMappingHandlerMapping : Mapped "{[/alipay/wapPay]}" onto public void com.swinginwind.xql.pay.controller.alipay.AliPayController.wapPay(javax.servlet.http.HttpServletRequest,javax.servlet.http.HttpServletResponse,com.swinginwind.xql.pay.entity.PayRecord)
2018-07-13 17:40:39.250  INFO 2700 --- [main] s.w.s.m.m.a.RequestMappingHandlerMapping : Mapped "{[/alipay/tradeWavePay]}" onto public java.lang.String com.swinginwind.xql.pay.controller.alipay.AliPayController.tradeWavePay(java.lang.String)
2018-07-13 17:40:39.252  INFO 2700 --- [main] s.w.s.m.m.a.RequestMappingHandlerMapping : Mapped "{[/alipay/pcPay]}" onto public void com.swinginwind.xql.pay.controller.alipay.AliPayController.pcPay(javax.servlet.http.HttpServletRequest,javax.servlet.http.HttpServletResponse,com.swinginwind.xql.pay.entity.PayRecord)
2018-07-13 17:40:39.252  INFO 2700 --- [main] s.w.s.m.m.a.RequestMappingHandlerMapping : Mapped "{[/alipay/tradePay]}" onto public java.lang.String com.swinginwind.xql.pay.controller.alipay.AliPayController.tradePay(java.lang.String)
2018-07-13 17:40:39.255  INFO 2700 --- [main] s.w.s.m.m.a.RequestMappingHandlerMapping : Mapped "{[/alipay/tradeRefund]}" onto public java.lang.String com.swinginwind.xql.pay.controller.alipay.AliPayController.tradeRefund(com.swinginwind.xql.pay.entity.RefundRecord)
2018-07-13 17:40:39.256  INFO 2700 --- [main] s.w.s.m.m.a.RequestMappingHandlerMapping : Mapped "{[/alipay/tradeOrderSettle]}" onto public java.lang.String com.swinginwind.xql.pay.controller.alipay.AliPayController.tradeOrderSettle(java.lang.String)
2018-07-13 17:40:39.257  INFO 2700 --- [main] s.w.s.m.m.a.RequestMappingHandlerMapping : Mapped "{[/alipay/tradeCreate]}" onto public java.lang.String com.swinginwind.xql.pay.controller.alipay.AliPayController.tradeCreate(java.lang.String)
2018-07-13 17:40:39.258  INFO 2700 --- [main] s.w.s.m.m.a.RequestMappingHandlerMapping : Mapped "{[/alipay/tradeCancel]}" onto public boolean com.swinginwind.xql.pay.controller.alipay.AliPayController.tradeCancel()
2018-07-13 17:40:39.259  INFO 2700 --- [main] s.w.s.m.m.a.RequestMappingHandlerMapping : Mapped "{[/alipay/notify_url]}" onto public java.lang.String com.swinginwind.xql.pay.controller.alipay.AliPayController.notify_url(javax.servlet.http.HttpServletRequest)
2018-07-13 17:40:39.261  INFO 2700 --- [main] s.w.s.m.m.a.RequestMappingHandlerMapping : Mapped "{[/alipay/return_url]}" onto public java.lang.String com.swinginwind.xql.pay.controller.alipay.AliPayController.return_url(javax.servlet.http.HttpServletRequest)
2018-07-13 17:40:39.263  INFO 2700 --- [main] s.w.s.m.m.a.RequestMappingHandlerMapping : Mapped "{[/alipay/tradeClose]}" onto public java.lang.String com.swinginwind.xql.pay.controller.alipay.AliPayController.tradeClose(java.lang.String,java.lang.String)
2018-07-13 17:40:39.264  INFO 2700 --- [main] s.w.s.m.m.a.RequestMappingHandlerMapping : Mapped "{[/alipay/tradeQueryByStr]}" onto public java.lang.String com.swinginwind.xql.pay.controller.alipay.AliPayController.tradeQueryByStr(java.lang.String)
2018-07-13 17:40:39.511  INFO 2700 --- [main] s.w.s.m.m.a.RequestMappingHandlerMapping : Mapped "{[/alipay/tradeQuery]}" onto public boolean com.swinginwind.xql.pay.controller.alipay.AliPayController.tradeQuery()
2018-07-13 17:40:39.513  INFO 2700 --- [main] s.w.s.m.m.a.RequestMappingHandlerMapping : Mapped "{[/alipay/tradePrecreatePay]}" onto public java.lang.String com.swinginwind.xql.pay.controller.alipay.AliPayController.tradePrecreatePay()
2018-07-13 17:40:39.514  INFO 2700 --- [main] s.w.s.m.m.a.RequestMappingHandlerMapping : Mapped "{[/alipay/dataDataserviceBill]}" onto public java.lang.String com.swinginwind.xql.pay.controller.alipay.AliPayController.dataDataserviceBill(java.lang.String)
2018-07-13 17:40:39.517  INFO 2700 --- [main] s.w.s.m.m.a.RequestMappingHandlerMapping : Mapped "{[]}" onto public java.lang.String com.swinginwind.xql.pay.controller.IndexController.index(javax.servlet.http.HttpServletRequest)
2018-07-13 17:40:39.517  INFO 2700 --- [main] s.w.s.m.m.a.RequestMappingHandlerMapping : Mapped "{[/xxx],methods=[GET]}" onto public java.lang.String com.swinginwind.xql.pay.controller.IndexController.param2(java.lang.Integer)
2018-07-13 17:40:39.519  INFO 2700 --- [main] s.w.s.m.m.a.RequestMappingHandlerMapping : Mapped "{[/xx],methods=[GET]}" onto public java.lang.String com.swinginwind.xql.pay.controller.IndexController.param(java.lang.Integer)
2018-07-13 17:40:39.519  INFO 2700 --- [main] s.w.s.m.m.a.RequestMappingHandlerMapping : Mapped "{[/ss/{id}],methods=[GET]}" onto public java.lang.String com.swinginwind.xql.pay.controller.IndexController.pa(java.lang.Integer)
2018-07-13 17:40:39.523  INFO 2700 --- [main] s.w.s.m.m.a.RequestMappingHandlerMapping : Mapped "{[/refundRecord]}" onto public java.lang.String com.swinginwind.xql.pay.controller.IndexController.refund_record()
2018-07-13 17:40:39.525  INFO 2700 --- [main] s.w.s.m.m.a.RequestMappingHandlerMapping : Mapped "{[/payRecord]}" onto public java.lang.String com.swinginwind.xql.pay.controller.IndexController.pay_record()
2018-07-13 17:40:39.526  INFO 2700 --- [main] s.w.s.m.m.a.RequestMappingHandlerMapping : Mapped "{[/paySelect]}" onto public java.lang.String com.swinginwind.xql.pay.controller.IndexController.pay_select()
2018-07-13 17:40:39.529  INFO 2700 --- [main] s.w.s.m.m.a.RequestMappingHandlerMapping : Mapped "{[/towxpay]}" onto public java.lang.String com.swinginwind.xql.pay.controller.IndexController.towxpay()
2018-07-13 17:40:39.539  INFO 2700 --- [main] s.w.s.m.m.a.RequestMappingHandlerMapping : Mapped "{[/success]}" onto public java.lang.String com.swinginwind.xql.pay.controller.IndexController.success()
2018-07-13 17:40:39.540  INFO 2700 --- [main] s.w.s.m.m.a.RequestMappingHandlerMapping : Mapped "{[/baseProduct/query]}" onto public java.util.List<com.swinginwind.xql.pay.entity.BaseProduct> com.swinginwind.xql.pay.controller.record.BaseProductController.query()
2018-07-13 17:40:39.542  INFO 2700 --- [main] s.w.s.m.m.a.RequestMappingHandlerMapping : Mapped "{[/payRecord/query]}" onto public java.util.Map<java.lang.String, java.lang.Object> com.swinginwind.xql.pay.controller.record.PayRecordController.query(com.swinginwind.xql.pay.entity.PayRecord)
2018-07-13 17:40:39.546  INFO 2700 --- [main] s.w.s.m.m.a.RequestMappingHandlerMapping : Mapped "{[/refundRecord/query]}" onto public java.util.Map<java.lang.String, java.lang.Object> com.swinginwind.xql.pay.controller.record.RefundRecordController.query(com.swinginwind.xql.pay.entity.RefundRecord)
2018-07-13 17:40:39.573  INFO 2700 --- [main] s.w.s.m.m.a.RequestMappingHandlerMapping : Mapped "{[/unionpay]}" onto public java.lang.String com.swinginwind.xql.pay.controller.unionpay.UnionPayController.index()
2018-07-13 17:40:39.574  INFO 2700 --- [main] s.w.s.m.m.a.RequestMappingHandlerMapping : Mapped "{[/unionpay/query],methods=[POST || GET]}" onto public void com.swinginwind.xql.pay.controller.unionpay.UnionPayController.query(javax.servlet.http.HttpServletResponse)
2018-07-13 17:40:39.574  INFO 2700 --- [main] s.w.s.m.m.a.RequestMappingHandlerMapping : Mapped "{[/unionpay/frontConsume2],methods=[POST || GET]}" onto public void com.swinginwind.xql.pay.controller.unionpay.UnionPayController.frontConsume2(javax.servlet.http.HttpServletResponse)
2018-07-13 17:40:39.575  INFO 2700 --- [main] s.w.s.m.m.a.RequestMappingHandlerMapping : Mapped "{[/unionpay/frontConsume],methods=[POST || GET]}" onto public void com.swinginwind.xql.pay.controller.unionpay.UnionPayController.frontConsume(javax.servlet.http.HttpServletResponse)
2018-07-13 17:40:39.575  INFO 2700 --- [main] s.w.s.m.m.a.RequestMappingHandlerMapping : Mapped "{[/unionpay/wapConsume],methods=[POST || GET]}" onto public void com.swinginwind.xql.pay.controller.unionpay.UnionPayController.wapConsume(javax.servlet.http.HttpServletResponse)
2018-07-13 17:40:39.576  INFO 2700 --- [main] s.w.s.m.m.a.RequestMappingHandlerMapping : Mapped "{[/unionpay/appConsume],methods=[POST || GET]}" onto public com.jpay.vo.AjaxResult com.swinginwind.xql.pay.controller.unionpay.UnionPayController.appConsume()
2018-07-13 17:40:39.576  INFO 2700 --- [main] s.w.s.m.m.a.RequestMappingHandlerMapping : Mapped "{[/unionpay/refund],methods=[POST || GET]}" onto public void com.swinginwind.xql.pay.controller.unionpay.UnionPayController.refund(javax.servlet.http.HttpServletResponse)
2018-07-13 17:40:39.576  INFO 2700 --- [main] s.w.s.m.m.a.RequestMappingHandlerMapping : Mapped "{[/unionpay/fileTransfer],methods=[POST || GET]}" onto public void com.swinginwind.xql.pay.controller.unionpay.UnionPayController.fileTransfer(javax.servlet.http.HttpServletResponse)
2018-07-13 17:40:39.577  INFO 2700 --- [main] s.w.s.m.m.a.RequestMappingHandlerMapping : Mapped "{[/unionpay/queryB2B],methods=[POST || GET]}" onto public void com.swinginwind.xql.pay.controller.unionpay.UnionPayController.queryB2B(javax.servlet.http.HttpServletResponse)
2018-07-13 17:40:39.577  INFO 2700 --- [main] s.w.s.m.m.a.RequestMappingHandlerMapping : Mapped "{[/unionpay/repaymentGateway],methods=[POST || GET]}" onto public void com.swinginwind.xql.pay.controller.unionpay.UnionPayController.repaymentGateway(javax.servlet.http.HttpServletResponse)
2018-07-13 17:40:39.578  INFO 2700 --- [main] s.w.s.m.m.a.RequestMappingHandlerMapping : Mapped "{[/unionpay/backRcvResponse],methods=[POST || GET]}" onto public java.lang.String com.swinginwind.xql.pay.controller.unionpay.UnionPayController.backRcvResponse(javax.servlet.http.HttpServletRequest)
2018-07-13 17:40:39.579  INFO 2700 --- [main] s.w.s.m.m.a.RequestMappingHandlerMapping : Mapped "{[/unionpay/daiShou1102],methods=[POST || GET]}" onto public void com.swinginwind.xql.pay.controller.unionpay.UnionPayController.daiShou1102(javax.servlet.http.HttpServletResponse)
2018-07-13 17:40:39.579  INFO 2700 --- [main] s.w.s.m.m.a.RequestMappingHandlerMapping : Mapped "{[/unionpay/jlwtBack],methods=[POST || GET]}" onto public void com.swinginwind.xql.pay.controller.unionpay.UnionPayController.jlwtBack(javax.servlet.http.HttpServletResponse)
2018-07-13 17:40:39.580  INFO 2700 --- [main] s.w.s.m.m.a.RequestMappingHandlerMapping : Mapped "{[/unionpay/removeWt],methods=[POST || GET]}" onto public void com.swinginwind.xql.pay.controller.unionpay.UnionPayController.removeWt(javax.servlet.http.HttpServletResponse)
2018-07-13 17:40:39.580  INFO 2700 --- [main] s.w.s.m.m.a.RequestMappingHandlerMapping : Mapped "{[/unionpay/qrCodePay],methods=[POST || GET]}" onto public void com.swinginwind.xql.pay.controller.unionpay.UnionPayController.qrCodePay(javax.servlet.http.HttpServletResponse)
2018-07-13 17:40:39.580  INFO 2700 --- [main] s.w.s.m.m.a.RequestMappingHandlerMapping : Mapped "{[/unionpay/jlwtFront],methods=[POST || GET]}" onto public void com.swinginwind.xql.pay.controller.unionpay.UnionPayController.jlwtFront(javax.servlet.http.HttpServletResponse)
2018-07-13 17:40:39.584  INFO 2700 --- [main] s.w.s.m.m.a.RequestMappingHandlerMapping : Mapped "{[/unionpay/openQuery],methods=[POST || GET]}" onto public void com.swinginwind.xql.pay.controller.unionpay.UnionPayController.openQuery(javax.servlet.http.HttpServletResponse)
2018-07-13 17:40:39.586  INFO 2700 --- [main] s.w.s.m.m.a.RequestMappingHandlerMapping : Mapped "{[/unionpay/openCardFront],methods=[POST || GET]}" onto public void com.swinginwind.xql.pay.controller.unionpay.UnionPayController.openCardFront(javax.servlet.http.HttpServletResponse)
2018-07-13 17:40:39.587  INFO 2700 --- [main] s.w.s.m.m.a.RequestMappingHandlerMapping : Mapped "{[/unionpay/openAndConsume],methods=[POST || GET]}" onto public void com.swinginwind.xql.pay.controller.unionpay.UnionPayController.openAndConsume(javax.servlet.http.HttpServletResponse)
2018-07-13 17:40:39.589  INFO 2700 --- [main] s.w.s.m.m.a.RequestMappingHandlerMapping : Mapped "{[/unionpay/frontRcvResponse],methods=[POST || GET]}" onto public java.lang.String com.swinginwind.xql.pay.controller.unionpay.UnionPayController.frontRcvResponse(javax.servlet.http.HttpServletRequest,javax.servlet.http.HttpServletResponse)
2018-07-13 17:40:39.663  INFO 2700 --- [main] s.w.s.m.m.a.RequestMappingHandlerMapping : Mapped "{[/wxpay]}" onto public java.lang.String com.swinginwind.xql.pay.controller.wxpay.WxPayController.index()
2018-07-13 17:40:39.665  INFO 2700 --- [main] s.w.s.m.m.a.RequestMappingHandlerMapping : Mapped "{[/wxpay/getKey]}" onto public java.lang.String com.swinginwind.xql.pay.controller.wxpay.WxPayController.getKey()
2018-07-13 17:40:39.676  INFO 2700 --- [main] s.w.s.m.m.a.RequestMappingHandlerMapping : Mapped "{[/wxpay/test]}" onto public java.lang.String com.swinginwind.xql.pay.controller.wxpay.WxPayController.test()
2018-07-13 17:40:39.679  INFO 2700 --- [main] s.w.s.m.m.a.RequestMappingHandlerMapping : Mapped "{[/wxpay/ctp]}" onto public java.lang.String com.swinginwind.xql.pay.controller.wxpay.WxPayController.ctp(javax.servlet.http.HttpServletRequest)
2018-07-13 17:40:39.680  INFO 2700 --- [main] s.w.s.m.m.a.RequestMappingHandlerMapping : Mapped "{[/wxpay/testWeChat]}" onto public java.lang.String com.swinginwind.xql.pay.controller.wxpay.WxPayController.testWeChat()
2018-07-13 17:40:39.681  INFO 2700 --- [main] s.w.s.m.m.a.RequestMappingHandlerMapping : Mapped "{[/wxpay/webPay],methods=[POST || GET]}" onto public com.jpay.vo.AjaxResult com.swinginwind.xql.pay.controller.wxpay.WxPayController.webPay(javax.servlet.http.HttpServletRequest,javax.servlet.http.HttpServletResponse,com.swinginwind.xql.pay.entity.PayRecord)
2018-07-13 17:40:39.686  INFO 2700 --- [main] s.w.s.m.m.a.RequestMappingHandlerMapping : Mapped "{[/wxpay/scanCode2],methods=[POST || GET]}" onto public com.jpay.vo.AjaxResult com.swinginwind.xql.pay.controller.wxpay.WxPayController.scanCode2(javax.servlet.http.HttpServletRequest,javax.servlet.http.HttpServletResponse,com.swinginwind.xql.pay.entity.PayRecord)
2018-07-13 17:40:39.687  INFO 2700 --- [main] s.w.s.m.m.a.RequestMappingHandlerMapping : Mapped "{[/wxpay/pay_notify],methods=[POST || GET]}" onto public java.lang.String com.swinginwind.xql.pay.controller.wxpay.WxPayController.pay_notify(javax.servlet.http.HttpServletRequest)
2018-07-13 17:40:39.688  INFO 2700 --- [main] s.w.s.m.m.a.RequestMappingHandlerMapping : Mapped "{[/wxpay/wxpay],methods=[POST || GET]}" onto public java.lang.String com.swinginwind.xql.pay.controller.wxpay.WxPayController.wxpay(javax.servlet.http.HttpServletRequest,javax.servlet.http.HttpServletResponse)
2018-07-13 17:40:39.691  INFO 2700 --- [main] s.w.s.m.m.a.RequestMappingHandlerMapping : Mapped "{[/wxpay/scanCode1],methods=[POST || GET]}" onto public com.jpay.vo.AjaxResult com.swinginwind.xql.pay.controller.wxpay.WxPayController.scanCode1(javax.servlet.http.HttpServletRequest,javax.servlet.http.HttpServletResponse,java.lang.String)
2018-07-13 17:40:39.693  INFO 2700 --- [main] s.w.s.m.m.a.RequestMappingHandlerMapping : Mapped "{[/wxpay/micropay],methods=[POST || GET]}" onto public com.jpay.vo.AjaxResult com.swinginwind.xql.pay.controller.wxpay.WxPayController.micropay(javax.servlet.http.HttpServletRequest,javax.servlet.http.HttpServletResponse)
2018-07-13 17:40:39.694  INFO 2700 --- [main] s.w.s.m.m.a.RequestMappingHandlerMapping : Mapped "{[/wxpay/refund_notify],methods=[POST || GET]}" onto public java.lang.String com.swinginwind.xql.pay.controller.wxpay.WxPayController.refund_notify(javax.servlet.http.HttpServletRequest)
2018-07-13 17:40:39.697  INFO 2700 --- [main] s.w.s.m.m.a.RequestMappingHandlerMapping : Mapped "{[/wxpay/appPay],methods=[POST || GET]}" onto public com.jpay.vo.AjaxResult com.swinginwind.xql.pay.controller.wxpay.WxPayController.appPay(javax.servlet.http.HttpServletRequest)
2018-07-13 17:40:39.699  INFO 2700 --- [main] s.w.s.m.m.a.RequestMappingHandlerMapping : Mapped "{[/wxpay/wapPay],methods=[POST || GET]}" onto public void com.swinginwind.xql.pay.controller.wxpay.WxPayController.wapPay(javax.servlet.http.HttpServletRequest,javax.servlet.http.HttpServletResponse,com.swinginwind.xql.pay.entity.PayRecord)
2018-07-13 17:40:39.702  INFO 2700 --- [main] s.w.s.m.m.a.RequestMappingHandlerMapping : Mapped "{[/wxpay/tradeRefund]}" onto public java.lang.String com.swinginwind.xql.pay.controller.wxpay.WxPayController.tradeRefund(com.swinginwind.xql.pay.entity.RefundRecord)
2018-07-13 17:40:39.704  INFO 2700 --- [main] s.w.s.m.m.a.RequestMappingHandlerMapping : Mapped "{[/wxpay/return_url]}" onto public java.lang.String com.swinginwind.xql.pay.controller.wxpay.WxPayController.return_url(javax.servlet.http.HttpServletRequest)
2018-07-13 17:40:39.742  INFO 2700 --- [main] s.w.s.m.m.a.RequestMappingHandlerMapping : Mapped "{[/wechat/logout],methods=[GET]}" onto public java.lang.String com.swinginwind.xql.wechat.controller.WechatController.logout(javax.servlet.http.HttpServletRequest)
2018-07-13 17:40:39.743  INFO 2700 --- [main] s.w.s.m.m.a.RequestMappingHandlerMapping : Mapped "{[/wechat/userInfoMp],methods=[GET]}" onto public java.lang.String com.swinginwind.xql.wechat.controller.WechatController.userInfoMp(javax.servlet.http.HttpServletRequest,java.lang.String,java.lang.String)
2018-07-13 17:40:39.746  INFO 2700 --- [main] s.w.s.m.m.a.RequestMappingHandlerMapping : Mapped "{[/wechat/authorizeWap],methods=[GET]}" onto public java.lang.String com.swinginwind.xql.wechat.controller.WechatController.authorizeWap(javax.servlet.http.HttpServletRequest) throws java.io.UnsupportedEncodingException
2018-07-13 17:40:39.746  INFO 2700 --- [main] s.w.s.m.m.a.RequestMappingHandlerMapping : Mapped "{[/wechat/authorizePc],methods=[GET]}" onto public java.lang.String com.swinginwind.xql.wechat.controller.WechatController.authorizePc(javax.servlet.http.HttpServletRequest) throws java.io.UnsupportedEncodingException
2018-07-13 17:40:39.746  INFO 2700 --- [main] s.w.s.m.m.a.RequestMappingHandlerMapping : Mapped "{[/wechat/userInfoWeb],methods=[GET]}" onto public java.lang.String com.swinginwind.xql.wechat.controller.WechatController.userInfoWeb(javax.servlet.http.HttpServletRequest,java.lang.String,java.lang.String)
2018-07-13 17:40:39.747  INFO 2700 --- [main] s.w.s.m.m.a.RequestMappingHandlerMapping : Mapped "{[/wechat],methods=[GET],produces=[text/plain;charset=utf-8]}" onto public java.lang.String com.swinginwind.xql.wechat.controller.WechatController.authGet(java.lang.String,java.lang.String,java.lang.String,java.lang.String)
2018-07-13 17:40:39.747  INFO 2700 --- [main] s.w.s.m.m.a.RequestMappingHandlerMapping : Mapped "{[/wechat/getCurrentWxUser],methods=[GET]}" onto public java.lang.Object com.swinginwind.xql.wechat.controller.WechatController.getCurrentWxUser(javax.servlet.http.HttpServletRequest)
2018-07-13 17:40:39.748  INFO 2700 --- [main] s.w.s.m.m.a.RequestMappingHandlerMapping : Mapped "{[/wechat],methods=[POST],produces=[application/xml;charset=UTF-8]}" onto public java.lang.String com.swinginwind.xql.wechat.controller.WechatController.post(java.lang.String,java.lang.String,java.lang.String,java.lang.String,java.lang.String,java.lang.String)
2018-07-13 17:40:39.752  INFO 2700 --- [main] s.w.s.m.m.a.RequestMappingHandlerMapping : Mapped "{[/error]}" onto public org.springframework.http.ResponseEntity<java.util.Map<java.lang.String, java.lang.Object>> com.swinginwind.xql.wechat.controller.WxErrorController.error(javax.servlet.http.HttpServletRequest)
2018-07-13 17:40:39.754  INFO 2700 --- [main] s.w.s.m.m.a.RequestMappingHandlerMapping : Mapped "{[/error],produces=[text/html]}" onto public org.springframework.web.servlet.ModelAndView com.swinginwind.xql.wechat.controller.WxErrorController.errorHtml(javax.servlet.http.HttpServletRequest)
2018-07-13 17:40:39.798  INFO 2700 --- [main] s.w.s.m.m.a.RequestMappingHandlerMapping : Mapped "{[/wechat/menu/menuTryMatch/{userid}],methods=[GET]}" onto public me.chanjar.weixin.common.bean.menu.WxMenu com.swinginwind.xql.wechat.controller.WxMenuController.menuTryMatch(java.lang.String) throws me.chanjar.weixin.common.exception.WxErrorException
2018-07-13 17:40:39.801  INFO 2700 --- [main] s.w.s.m.m.a.RequestMappingHandlerMapping : Mapped "{[/wechat/menu/create],methods=[POST]}" onto public java.lang.String com.swinginwind.xql.wechat.controller.WxMenuController.menuCreate(me.chanjar.weixin.common.bean.menu.WxMenu) throws me.chanjar.weixin.common.exception.WxErrorException
2018-07-13 17:40:39.802  INFO 2700 --- [main] s.w.s.m.m.a.RequestMappingHandlerMapping : Mapped "{[/wechat/menu/create/{json}],methods=[GET]}" onto public java.lang.String com.swinginwind.xql.wechat.controller.WxMenuController.menuCreate(java.lang.String) throws me.chanjar.weixin.common.exception.WxErrorException
2018-07-13 17:40:39.803  INFO 2700 --- [main] s.w.s.m.m.a.RequestMappingHandlerMapping : Mapped "{[/wechat/menu/get],methods=[GET]}" onto public me.chanjar.weixin.mp.bean.menu.WxMpMenu com.swinginwind.xql.wechat.controller.WxMenuController.menuGet() throws me.chanjar.weixin.common.exception.WxErrorException
2018-07-13 17:40:39.803  INFO 2700 --- [main] s.w.s.m.m.a.RequestMappingHandlerMapping : Mapped "{[/wechat/menu/getSelfMenuInfo],methods=[GET]}" onto public me.chanjar.weixin.mp.bean.menu.WxMpGetSelfMenuInfoResult com.swinginwind.xql.wechat.controller.WxMenuController.getSelfMenuInfo() throws me.chanjar.weixin.common.exception.WxErrorException
2018-07-13 17:40:39.804  INFO 2700 --- [main] s.w.s.m.m.a.RequestMappingHandlerMapping : Mapped "{[/wechat/menu/create],methods=[GET]}" onto public java.lang.String com.swinginwind.xql.wechat.controller.WxMenuController.menuCreateSample() throws me.chanjar.weixin.common.exception.WxErrorException
2018-07-13 17:40:39.804  INFO 2700 --- [main] s.w.s.m.m.a.RequestMappingHandlerMapping : Mapped "{[/wechat/menu/delete],methods=[GET]}" onto public void com.swinginwind.xql.wechat.controller.WxMenuController.menuDelete() throws me.chanjar.weixin.common.exception.WxErrorException
2018-07-13 17:40:39.807  INFO 2700 --- [main] s.w.s.m.m.a.RequestMappingHandlerMapping : Mapped "{[/wechat/menu/delete/{menuId}],methods=[GET]}" onto public void com.swinginwind.xql.wechat.controller.WxMenuController.menuDelete(java.lang.String) throws me.chanjar.weixin.common.exception.WxErrorException
2018-07-13 17:40:39.992  INFO 2700 --- [main] o.s.w.s.handler.SimpleUrlHandlerMapping  : Mapped URL path [/webjars/**] onto handler of type [class org.springframework.web.servlet.resource.ResourceHttpRequestHandler]
2018-07-13 17:40:39.992  INFO 2700 --- [main] o.s.w.s.handler.SimpleUrlHandlerMapping  : Mapped URL path [/**] onto handler of type [class org.springframework.web.servlet.resource.ResourceHttpRequestHandler]
2018-07-13 17:40:40.062  INFO 2700 --- [main] .m.m.a.ExceptionHandlerExceptionResolver : Detected ResponseBodyAdvice implementation in fastJsonpResponseBodyAdvice
2018-07-13 17:40:40.062  INFO 2700 --- [main] .m.m.a.ExceptionHandlerExceptionResolver : Detected ResponseBodyAdvice implementation in JSONPResponseBodyAdvice
2018-07-13 17:40:40.063  INFO 2700 --- [main] .m.m.a.ExceptionHandlerExceptionResolver : Detected ResponseBodyAdvice implementation in fastJsonViewResponseBodyAdvice
2018-07-13 17:40:40.155  INFO 2700 --- [main] o.s.w.s.handler.SimpleUrlHandlerMapping  : Mapped URL path [/**/favicon.ico] onto handler of type [class org.springframework.web.servlet.resource.ResourceHttpRequestHandler]
2018-07-13 17:40:41.131  INFO 2700 --- [main] c.s.xql.pay.config.StartupRunner         : startup runner
2018-07-13 17:40:41.136  INFO 2700 --- [main] ACP_SDK_LOG                              : 从classpath: /F:/Career/Groups/Gener-Tech/AI-WorkSpace/Xql-Pay/target/test-classes/ 获取属性文件acp_sdk.properties
2018-07-13 17:40:41.142  INFO 2700 --- [main] ACP_SDK_LOG                              : 开始从属性文件中加载配置项
2018-07-13 17:40:41.152  INFO 2700 --- [main] ACP_SDK_LOG                              : 配置项：私钥签名证书路径==>acpsdk.signCert.path==>D:/certs/acp_test_sign.pfx 已加载
2018-07-13 17:40:41.152  INFO 2700 --- [main] ACP_SDK_LOG                              : 配置项：私钥签名证书密码==>acpsdk.signCert.pwd 已加载
2018-07-13 17:40:41.152  INFO 2700 --- [main] ACP_SDK_LOG                              : 配置项：私钥签名证书类型==>acpsdk.signCert.type==>PKCS12 已加载
2018-07-13 17:40:41.152  INFO 2700 --- [main] ACP_SDK_LOG                              : 配置项：敏感信息加密证书==>acpsdk.encryptCert.path==>D:/certs/acp_test_enc.cer 已加载
2018-07-13 17:40:41.153  INFO 2700 --- [main] c.swinginwind.xql.pay.config.TaskRunner  : task runner
2018-07-13 17:40:41.156  INFO 2700 --- [main] com.swinginwind.test.RunTest             : Started RunTest in 18.266 seconds (JVM running for 20.182)
2018-07-13 17:40:41.487  INFO 2700 --- [main] com.alibaba.druid.pool.DruidDataSource   : {dataSource-1} inited
2018-07-13 17:40:41.994  INFO 2700 --- [Thread-3] o.s.w.c.s.GenericWebApplicationContext   : Closing org.springframework.web.context.support.GenericWebApplicationContext@36f48b4: startup date [Fri Jul 13 17:40:24 CST 2018]; root of context hierarchy
2018-07-13 17:40:42.071  INFO 2700 --- [Thread-3] com.alibaba.druid.pool.DruidDataSource   : {dataSource-1} closed
2018-07-13 17:42:43.005  INFO 16396 --- [main] com.swinginwind.test.RunTest             : Starting RunTest on Genertech0836 with PID 16396 (started by hadoop in F:\Career\Groups\Gener-Tech\AI-WorkSpace\Xql-Pay)
2018-07-13 17:42:43.016  INFO 16396 --- [main] com.swinginwind.test.RunTest             : The following profiles are active: dev
2018-07-13 17:42:43.169  INFO 16396 --- [main] o.s.w.c.s.GenericWebApplicationContext   : Refreshing org.springframework.web.context.support.GenericWebApplicationContext@36f48b4: startup date [Fri Jul 13 17:42:43 CST 2018]; root of context hierarchy
2018-07-13 17:42:58.720  INFO 16396 --- [main] s.w.s.m.m.a.RequestMappingHandlerAdapter : Looking for @ControllerAdvice: org.springframework.web.context.support.GenericWebApplicationContext@36f48b4: startup date [Fri Jul 13 17:42:43 CST 2018]; root of context hierarchy
2018-07-13 17:42:58.737  INFO 16396 --- [main] s.w.s.m.m.a.RequestMappingHandlerAdapter : Detected ResponseBodyAdvice bean in fastJsonpResponseBodyAdvice
2018-07-13 17:42:58.739  INFO 16396 --- [main] s.w.s.m.m.a.RequestMappingHandlerAdapter : Detected ResponseBodyAdvice bean in JSONPResponseBodyAdvice
2018-07-13 17:42:58.743  INFO 16396 --- [main] s.w.s.m.m.a.RequestMappingHandlerAdapter : Detected ResponseBodyAdvice bean in fastJsonViewResponseBodyAdvice
2018-07-13 17:42:58.939  INFO 16396 --- [main] s.w.s.m.m.a.RequestMappingHandlerMapping : Mapped "{[/alipay]}" onto public java.lang.String com.swinginwind.xql.pay.controller.alipay.AliPayController.index()
2018-07-13 17:42:58.942  INFO 16396 --- [main] s.w.s.m.m.a.RequestMappingHandlerMapping : Mapped "{[/alipay/test]}" onto public java.lang.String com.swinginwind.xql.pay.controller.alipay.AliPayController.test()
2018-07-13 17:42:58.944  INFO 16396 --- [main] s.w.s.m.m.a.RequestMappingHandlerMapping : Mapped "{[/alipay/transfer]}" onto public boolean com.swinginwind.xql.pay.controller.alipay.AliPayController.transfer()
2018-07-13 17:42:58.948  INFO 16396 --- [main] s.w.s.m.m.a.RequestMappingHandlerMapping : Mapped "{[/alipay/wapPay]}" onto public void com.swinginwind.xql.pay.controller.alipay.AliPayController.wapPay(javax.servlet.http.HttpServletRequest,javax.servlet.http.HttpServletResponse,com.swinginwind.xql.pay.entity.PayRecord)
2018-07-13 17:42:58.953  INFO 16396 --- [main] s.w.s.m.m.a.RequestMappingHandlerMapping : Mapped "{[/alipay/appPay]}" onto public com.jpay.vo.AjaxResult com.swinginwind.xql.pay.controller.alipay.AliPayController.appPay()
2018-07-13 17:42:58.955  INFO 16396 --- [main] s.w.s.m.m.a.RequestMappingHandlerMapping : Mapped "{[/alipay/tradeRefund]}" onto public java.lang.String com.swinginwind.xql.pay.controller.alipay.AliPayController.tradeRefund(com.swinginwind.xql.pay.entity.RefundRecord)
2018-07-13 17:42:58.963  INFO 16396 --- [main] s.w.s.m.m.a.RequestMappingHandlerMapping : Mapped "{[/alipay/tradePay]}" onto public java.lang.String com.swinginwind.xql.pay.controller.alipay.AliPayController.tradePay(java.lang.String)
2018-07-13 17:42:58.964  INFO 16396 --- [main] s.w.s.m.m.a.RequestMappingHandlerMapping : Mapped "{[/alipay/pcPay]}" onto public void com.swinginwind.xql.pay.controller.alipay.AliPayController.pcPay(javax.servlet.http.HttpServletRequest,javax.servlet.http.HttpServletResponse,com.swinginwind.xql.pay.entity.PayRecord)
2018-07-13 17:42:58.970  INFO 16396 --- [main] s.w.s.m.m.a.RequestMappingHandlerMapping : Mapped "{[/alipay/tradeWavePay]}" onto public java.lang.String com.swinginwind.xql.pay.controller.alipay.AliPayController.tradeWavePay(java.lang.String)
2018-07-13 17:42:58.973  INFO 16396 --- [main] s.w.s.m.m.a.RequestMappingHandlerMapping : Mapped "{[/alipay/tradeOrderSettle]}" onto public java.lang.String com.swinginwind.xql.pay.controller.alipay.AliPayController.tradeOrderSettle(java.lang.String)
2018-07-13 17:42:58.979  INFO 16396 --- [main] s.w.s.m.m.a.RequestMappingHandlerMapping : Mapped "{[/alipay/tradeQuery]}" onto public boolean com.swinginwind.xql.pay.controller.alipay.AliPayController.tradeQuery()
2018-07-13 17:42:58.982  INFO 16396 --- [main] s.w.s.m.m.a.RequestMappingHandlerMapping : Mapped "{[/alipay/return_url]}" onto public java.lang.String com.swinginwind.xql.pay.controller.alipay.AliPayController.return_url(javax.servlet.http.HttpServletRequest)
2018-07-13 17:42:58.985  INFO 16396 --- [main] s.w.s.m.m.a.RequestMappingHandlerMapping : Mapped "{[/alipay/tradeCancel]}" onto public boolean com.swinginwind.xql.pay.controller.alipay.AliPayController.tradeCancel()
2018-07-13 17:42:58.986  INFO 16396 --- [main] s.w.s.m.m.a.RequestMappingHandlerMapping : Mapped "{[/alipay/tradeClose]}" onto public java.lang.String com.swinginwind.xql.pay.controller.alipay.AliPayController.tradeClose(java.lang.String,java.lang.String)
2018-07-13 17:42:58.987  INFO 16396 --- [main] s.w.s.m.m.a.RequestMappingHandlerMapping : Mapped "{[/alipay/notify_url]}" onto public java.lang.String com.swinginwind.xql.pay.controller.alipay.AliPayController.notify_url(javax.servlet.http.HttpServletRequest)
2018-07-13 17:42:58.991  INFO 16396 --- [main] s.w.s.m.m.a.RequestMappingHandlerMapping : Mapped "{[/alipay/tradeCreate]}" onto public java.lang.String com.swinginwind.xql.pay.controller.alipay.AliPayController.tradeCreate(java.lang.String)
2018-07-13 17:42:58.992  INFO 16396 --- [main] s.w.s.m.m.a.RequestMappingHandlerMapping : Mapped "{[/alipay/tradeQueryByStr]}" onto public java.lang.String com.swinginwind.xql.pay.controller.alipay.AliPayController.tradeQueryByStr(java.lang.String)
2018-07-13 17:42:58.993  INFO 16396 --- [main] s.w.s.m.m.a.RequestMappingHandlerMapping : Mapped "{[/alipay/tradePrecreatePay]}" onto public java.lang.String com.swinginwind.xql.pay.controller.alipay.AliPayController.tradePrecreatePay()
2018-07-13 17:42:58.994  INFO 16396 --- [main] s.w.s.m.m.a.RequestMappingHandlerMapping : Mapped "{[/alipay/dataDataserviceBill]}" onto public java.lang.String com.swinginwind.xql.pay.controller.alipay.AliPayController.dataDataserviceBill(java.lang.String)
2018-07-13 17:42:58.998  INFO 16396 --- [main] s.w.s.m.m.a.RequestMappingHandlerMapping : Mapped "{[]}" onto public java.lang.String com.swinginwind.xql.pay.controller.IndexController.index(javax.servlet.http.HttpServletRequest)
2018-07-13 17:42:58.999  INFO 16396 --- [main] s.w.s.m.m.a.RequestMappingHandlerMapping : Mapped "{[/success]}" onto public java.lang.String com.swinginwind.xql.pay.controller.IndexController.success()
2018-07-13 17:42:59.000  INFO 16396 --- [main] s.w.s.m.m.a.RequestMappingHandlerMapping : Mapped "{[/xx],methods=[GET]}" onto public java.lang.String com.swinginwind.xql.pay.controller.IndexController.param(java.lang.Integer)
2018-07-13 17:42:59.001  INFO 16396 --- [main] s.w.s.m.m.a.RequestMappingHandlerMapping : Mapped "{[/xxx],methods=[GET]}" onto public java.lang.String com.swinginwind.xql.pay.controller.IndexController.param2(java.lang.Integer)
2018-07-13 17:42:59.005  INFO 16396 --- [main] s.w.s.m.m.a.RequestMappingHandlerMapping : Mapped "{[/refundRecord]}" onto public java.lang.String com.swinginwind.xql.pay.controller.IndexController.refund_record()
2018-07-13 17:42:59.008  INFO 16396 --- [main] s.w.s.m.m.a.RequestMappingHandlerMapping : Mapped "{[/paySelect]}" onto public java.lang.String com.swinginwind.xql.pay.controller.IndexController.pay_select()
2018-07-13 17:42:59.011  INFO 16396 --- [main] s.w.s.m.m.a.RequestMappingHandlerMapping : Mapped "{[/towxpay]}" onto public java.lang.String com.swinginwind.xql.pay.controller.IndexController.towxpay()
2018-07-13 17:42:59.013  INFO 16396 --- [main] s.w.s.m.m.a.RequestMappingHandlerMapping : Mapped "{[/payRecord]}" onto public java.lang.String com.swinginwind.xql.pay.controller.IndexController.pay_record()
2018-07-13 17:42:59.014  INFO 16396 --- [main] s.w.s.m.m.a.RequestMappingHandlerMapping : Mapped "{[/ss/{id}],methods=[GET]}" onto public java.lang.String com.swinginwind.xql.pay.controller.IndexController.pa(java.lang.Integer)
2018-07-13 17:42:59.016  INFO 16396 --- [main] s.w.s.m.m.a.RequestMappingHandlerMapping : Mapped "{[/baseProduct/query]}" onto public java.util.List<com.swinginwind.xql.pay.entity.BaseProduct> com.swinginwind.xql.pay.controller.record.BaseProductController.query()
2018-07-13 17:42:59.020  INFO 16396 --- [main] s.w.s.m.m.a.RequestMappingHandlerMapping : Mapped "{[/payRecord/query]}" onto public java.util.Map<java.lang.String, java.lang.Object> com.swinginwind.xql.pay.controller.record.PayRecordController.query(com.swinginwind.xql.pay.entity.PayRecord)
2018-07-13 17:42:59.024  INFO 16396 --- [main] s.w.s.m.m.a.RequestMappingHandlerMapping : Mapped "{[/refundRecord/query]}" onto public java.util.Map<java.lang.String, java.lang.Object> com.swinginwind.xql.pay.controller.record.RefundRecordController.query(com.swinginwind.xql.pay.entity.RefundRecord)
2018-07-13 17:42:59.033  INFO 16396 --- [main] s.w.s.m.m.a.RequestMappingHandlerMapping : Mapped "{[/unionpay]}" onto public java.lang.String com.swinginwind.xql.pay.controller.unionpay.UnionPayController.index()
2018-07-13 17:42:59.035  INFO 16396 --- [main] s.w.s.m.m.a.RequestMappingHandlerMapping : Mapped "{[/unionpay/query],methods=[POST || GET]}" onto public void com.swinginwind.xql.pay.controller.unionpay.UnionPayController.query(javax.servlet.http.HttpServletResponse)
2018-07-13 17:42:59.036  INFO 16396 --- [main] s.w.s.m.m.a.RequestMappingHandlerMapping : Mapped "{[/unionpay/refund],methods=[POST || GET]}" onto public void com.swinginwind.xql.pay.controller.unionpay.UnionPayController.refund(javax.servlet.http.HttpServletResponse)
2018-07-13 17:42:59.037  INFO 16396 --- [main] s.w.s.m.m.a.RequestMappingHandlerMapping : Mapped "{[/unionpay/fileTransfer],methods=[POST || GET]}" onto public void com.swinginwind.xql.pay.controller.unionpay.UnionPayController.fileTransfer(javax.servlet.http.HttpServletResponse)
2018-07-13 17:42:59.037  INFO 16396 --- [main] s.w.s.m.m.a.RequestMappingHandlerMapping : Mapped "{[/unionpay/frontConsume2],methods=[POST || GET]}" onto public void com.swinginwind.xql.pay.controller.unionpay.UnionPayController.frontConsume2(javax.servlet.http.HttpServletResponse)
2018-07-13 17:42:59.038  INFO 16396 --- [main] s.w.s.m.m.a.RequestMappingHandlerMapping : Mapped "{[/unionpay/wapConsume],methods=[POST || GET]}" onto public void com.swinginwind.xql.pay.controller.unionpay.UnionPayController.wapConsume(javax.servlet.http.HttpServletResponse)
2018-07-13 17:42:59.041  INFO 16396 --- [main] s.w.s.m.m.a.RequestMappingHandlerMapping : Mapped "{[/unionpay/frontConsume],methods=[POST || GET]}" onto public void com.swinginwind.xql.pay.controller.unionpay.UnionPayController.frontConsume(javax.servlet.http.HttpServletResponse)
2018-07-13 17:42:59.041  INFO 16396 --- [main] s.w.s.m.m.a.RequestMappingHandlerMapping : Mapped "{[/unionpay/queryB2B],methods=[POST || GET]}" onto public void com.swinginwind.xql.pay.controller.unionpay.UnionPayController.queryB2B(javax.servlet.http.HttpServletResponse)
2018-07-13 17:42:59.041  INFO 16396 --- [main] s.w.s.m.m.a.RequestMappingHandlerMapping : Mapped "{[/unionpay/appConsume],methods=[POST || GET]}" onto public com.jpay.vo.AjaxResult com.swinginwind.xql.pay.controller.unionpay.UnionPayController.appConsume()
2018-07-13 17:42:59.042  INFO 16396 --- [main] s.w.s.m.m.a.RequestMappingHandlerMapping : Mapped "{[/unionpay/qrCodePay],methods=[POST || GET]}" onto public void com.swinginwind.xql.pay.controller.unionpay.UnionPayController.qrCodePay(javax.servlet.http.HttpServletResponse)
2018-07-13 17:42:59.042  INFO 16396 --- [main] s.w.s.m.m.a.RequestMappingHandlerMapping : Mapped "{[/unionpay/jlwtBack],methods=[POST || GET]}" onto public void com.swinginwind.xql.pay.controller.unionpay.UnionPayController.jlwtBack(javax.servlet.http.HttpServletResponse)
2018-07-13 17:42:59.043  INFO 16396 --- [main] s.w.s.m.m.a.RequestMappingHandlerMapping : Mapped "{[/unionpay/repaymentGateway],methods=[POST || GET]}" onto public void com.swinginwind.xql.pay.controller.unionpay.UnionPayController.repaymentGateway(javax.servlet.http.HttpServletResponse)
2018-07-13 17:42:59.043  INFO 16396 --- [main] s.w.s.m.m.a.RequestMappingHandlerMapping : Mapped "{[/unionpay/removeWt],methods=[POST || GET]}" onto public void com.swinginwind.xql.pay.controller.unionpay.UnionPayController.removeWt(javax.servlet.http.HttpServletResponse)
2018-07-13 17:42:59.044  INFO 16396 --- [main] s.w.s.m.m.a.RequestMappingHandlerMapping : Mapped "{[/unionpay/openAndConsume],methods=[POST || GET]}" onto public void com.swinginwind.xql.pay.controller.unionpay.UnionPayController.openAndConsume(javax.servlet.http.HttpServletResponse)
2018-07-13 17:42:59.044  INFO 16396 --- [main] s.w.s.m.m.a.RequestMappingHandlerMapping : Mapped "{[/unionpay/daiShou1102],methods=[POST || GET]}" onto public void com.swinginwind.xql.pay.controller.unionpay.UnionPayController.daiShou1102(javax.servlet.http.HttpServletResponse)
2018-07-13 17:42:59.045  INFO 16396 --- [main] s.w.s.m.m.a.RequestMappingHandlerMapping : Mapped "{[/unionpay/openCardFront],methods=[POST || GET]}" onto public void com.swinginwind.xql.pay.controller.unionpay.UnionPayController.openCardFront(javax.servlet.http.HttpServletResponse)
2018-07-13 17:42:59.045  INFO 16396 --- [main] s.w.s.m.m.a.RequestMappingHandlerMapping : Mapped "{[/unionpay/backRcvResponse],methods=[POST || GET]}" onto public java.lang.String com.swinginwind.xql.pay.controller.unionpay.UnionPayController.backRcvResponse(javax.servlet.http.HttpServletRequest)
2018-07-13 17:42:59.049  INFO 16396 --- [main] s.w.s.m.m.a.RequestMappingHandlerMapping : Mapped "{[/unionpay/openQuery],methods=[POST || GET]}" onto public void com.swinginwind.xql.pay.controller.unionpay.UnionPayController.openQuery(javax.servlet.http.HttpServletResponse)
2018-07-13 17:42:59.051  INFO 16396 --- [main] s.w.s.m.m.a.RequestMappingHandlerMapping : Mapped "{[/unionpay/jlwtFront],methods=[POST || GET]}" onto public void com.swinginwind.xql.pay.controller.unionpay.UnionPayController.jlwtFront(javax.servlet.http.HttpServletResponse)
2018-07-13 17:42:59.052  INFO 16396 --- [main] s.w.s.m.m.a.RequestMappingHandlerMapping : Mapped "{[/unionpay/frontRcvResponse],methods=[POST || GET]}" onto public java.lang.String com.swinginwind.xql.pay.controller.unionpay.UnionPayController.frontRcvResponse(javax.servlet.http.HttpServletRequest,javax.servlet.http.HttpServletResponse)
2018-07-13 17:42:59.076  INFO 16396 --- [main] s.w.s.m.m.a.RequestMappingHandlerMapping : Mapped "{[/wxpay]}" onto public java.lang.String com.swinginwind.xql.pay.controller.wxpay.WxPayController.index()
2018-07-13 17:42:59.078  INFO 16396 --- [main] s.w.s.m.m.a.RequestMappingHandlerMapping : Mapped "{[/wxpay/getKey]}" onto public java.lang.String com.swinginwind.xql.pay.controller.wxpay.WxPayController.getKey()
2018-07-13 17:42:59.079  INFO 16396 --- [main] s.w.s.m.m.a.RequestMappingHandlerMapping : Mapped "{[/wxpay/test]}" onto public java.lang.String com.swinginwind.xql.pay.controller.wxpay.WxPayController.test()
2018-07-13 17:42:59.081  INFO 16396 --- [main] s.w.s.m.m.a.RequestMappingHandlerMapping : Mapped "{[/wxpay/wapPay],methods=[POST || GET]}" onto public void com.swinginwind.xql.pay.controller.wxpay.WxPayController.wapPay(javax.servlet.http.HttpServletRequest,javax.servlet.http.HttpServletResponse,com.swinginwind.xql.pay.entity.PayRecord)
2018-07-13 17:42:59.085  INFO 16396 --- [main] s.w.s.m.m.a.RequestMappingHandlerMapping : Mapped "{[/wxpay/appPay],methods=[POST || GET]}" onto public com.jpay.vo.AjaxResult com.swinginwind.xql.pay.controller.wxpay.WxPayController.appPay(javax.servlet.http.HttpServletRequest)
2018-07-13 17:42:59.087  INFO 16396 --- [main] s.w.s.m.m.a.RequestMappingHandlerMapping : Mapped "{[/wxpay/tradeRefund]}" onto public java.lang.String com.swinginwind.xql.pay.controller.wxpay.WxPayController.tradeRefund(com.swinginwind.xql.pay.entity.RefundRecord)
2018-07-13 17:42:59.088  INFO 16396 --- [main] s.w.s.m.m.a.RequestMappingHandlerMapping : Mapped "{[/wxpay/return_url]}" onto public java.lang.String com.swinginwind.xql.pay.controller.wxpay.WxPayController.return_url(javax.servlet.http.HttpServletRequest)
2018-07-13 17:42:59.089  INFO 16396 --- [main] s.w.s.m.m.a.RequestMappingHandlerMapping : Mapped "{[/wxpay/testWeChat]}" onto public java.lang.String com.swinginwind.xql.pay.controller.wxpay.WxPayController.testWeChat()
2018-07-13 17:42:59.090  INFO 16396 --- [main] s.w.s.m.m.a.RequestMappingHandlerMapping : Mapped "{[/wxpay/ctp]}" onto public java.lang.String com.swinginwind.xql.pay.controller.wxpay.WxPayController.ctp(javax.servlet.http.HttpServletRequest)
2018-07-13 17:42:59.091  INFO 16396 --- [main] s.w.s.m.m.a.RequestMappingHandlerMapping : Mapped "{[/wxpay/scanCode1],methods=[POST || GET]}" onto public com.jpay.vo.AjaxResult com.swinginwind.xql.pay.controller.wxpay.WxPayController.scanCode1(javax.servlet.http.HttpServletRequest,javax.servlet.http.HttpServletResponse,java.lang.String)
2018-07-13 17:42:59.092  INFO 16396 --- [main] s.w.s.m.m.a.RequestMappingHandlerMapping : Mapped "{[/wxpay/wxpay],methods=[POST || GET]}" onto public java.lang.String com.swinginwind.xql.pay.controller.wxpay.WxPayController.wxpay(javax.servlet.http.HttpServletRequest,javax.servlet.http.HttpServletResponse)
2018-07-13 17:42:59.095  INFO 16396 --- [main] s.w.s.m.m.a.RequestMappingHandlerMapping : Mapped "{[/wxpay/webPay],methods=[POST || GET]}" onto public com.jpay.vo.AjaxResult com.swinginwind.xql.pay.controller.wxpay.WxPayController.webPay(javax.servlet.http.HttpServletRequest,javax.servlet.http.HttpServletResponse,com.swinginwind.xql.pay.entity.PayRecord)
2018-07-13 17:42:59.096  INFO 16396 --- [main] s.w.s.m.m.a.RequestMappingHandlerMapping : Mapped "{[/wxpay/pay_notify],methods=[POST || GET]}" onto public java.lang.String com.swinginwind.xql.pay.controller.wxpay.WxPayController.pay_notify(javax.servlet.http.HttpServletRequest)
2018-07-13 17:42:59.098  INFO 16396 --- [main] s.w.s.m.m.a.RequestMappingHandlerMapping : Mapped "{[/wxpay/refund_notify],methods=[POST || GET]}" onto public java.lang.String com.swinginwind.xql.pay.controller.wxpay.WxPayController.refund_notify(javax.servlet.http.HttpServletRequest)
2018-07-13 17:42:59.099  INFO 16396 --- [main] s.w.s.m.m.a.RequestMappingHandlerMapping : Mapped "{[/wxpay/micropay],methods=[POST || GET]}" onto public com.jpay.vo.AjaxResult com.swinginwind.xql.pay.controller.wxpay.WxPayController.micropay(javax.servlet.http.HttpServletRequest,javax.servlet.http.HttpServletResponse)
2018-07-13 17:42:59.100  INFO 16396 --- [main] s.w.s.m.m.a.RequestMappingHandlerMapping : Mapped "{[/wxpay/scanCode2],methods=[POST || GET]}" onto public com.jpay.vo.AjaxResult com.swinginwind.xql.pay.controller.wxpay.WxPayController.scanCode2(javax.servlet.http.HttpServletRequest,javax.servlet.http.HttpServletResponse,com.swinginwind.xql.pay.entity.PayRecord)
2018-07-13 17:42:59.390  INFO 16396 --- [main] s.w.s.m.m.a.RequestMappingHandlerMapping : Mapped "{[/wechat/logout],methods=[GET]}" onto public java.lang.String com.swinginwind.xql.wechat.controller.WechatController.logout(javax.servlet.http.HttpServletRequest)
2018-07-13 17:42:59.397  INFO 16396 --- [main] s.w.s.m.m.a.RequestMappingHandlerMapping : Mapped "{[/wechat],methods=[POST],produces=[application/xml;charset=UTF-8]}" onto public java.lang.String com.swinginwind.xql.wechat.controller.WechatController.post(java.lang.String,java.lang.String,java.lang.String,java.lang.String,java.lang.String,java.lang.String)
2018-07-13 17:42:59.398  INFO 16396 --- [main] s.w.s.m.m.a.RequestMappingHandlerMapping : Mapped "{[/wechat/userInfoWeb],methods=[GET]}" onto public java.lang.String com.swinginwind.xql.wechat.controller.WechatController.userInfoWeb(javax.servlet.http.HttpServletRequest,java.lang.String,java.lang.String)
2018-07-13 17:42:59.398  INFO 16396 --- [main] s.w.s.m.m.a.RequestMappingHandlerMapping : Mapped "{[/wechat/authorizePc],methods=[GET]}" onto public java.lang.String com.swinginwind.xql.wechat.controller.WechatController.authorizePc(javax.servlet.http.HttpServletRequest) throws java.io.UnsupportedEncodingException
2018-07-13 17:42:59.399  INFO 16396 --- [main] s.w.s.m.m.a.RequestMappingHandlerMapping : Mapped "{[/wechat/userInfoMp],methods=[GET]}" onto public java.lang.String com.swinginwind.xql.wechat.controller.WechatController.userInfoMp(javax.servlet.http.HttpServletRequest,java.lang.String,java.lang.String)
2018-07-13 17:42:59.399  INFO 16396 --- [main] s.w.s.m.m.a.RequestMappingHandlerMapping : Mapped "{[/wechat],methods=[GET],produces=[text/plain;charset=utf-8]}" onto public java.lang.String com.swinginwind.xql.wechat.controller.WechatController.authGet(java.lang.String,java.lang.String,java.lang.String,java.lang.String)
2018-07-13 17:42:59.400  INFO 16396 --- [main] s.w.s.m.m.a.RequestMappingHandlerMapping : Mapped "{[/wechat/getCurrentWxUser],methods=[GET]}" onto public java.lang.Object com.swinginwind.xql.wechat.controller.WechatController.getCurrentWxUser(javax.servlet.http.HttpServletRequest)
2018-07-13 17:42:59.402  INFO 16396 --- [main] s.w.s.m.m.a.RequestMappingHandlerMapping : Mapped "{[/wechat/authorizeWap],methods=[GET]}" onto public java.lang.String com.swinginwind.xql.wechat.controller.WechatController.authorizeWap(javax.servlet.http.HttpServletRequest) throws java.io.UnsupportedEncodingException
2018-07-13 17:42:59.403  INFO 16396 --- [main] s.w.s.m.m.a.RequestMappingHandlerMapping : Mapped "{[/error]}" onto public org.springframework.http.ResponseEntity<java.util.Map<java.lang.String, java.lang.Object>> com.swinginwind.xql.wechat.controller.WxErrorController.error(javax.servlet.http.HttpServletRequest)
2018-07-13 17:42:59.404  INFO 16396 --- [main] s.w.s.m.m.a.RequestMappingHandlerMapping : Mapped "{[/error],produces=[text/html]}" onto public org.springframework.web.servlet.ModelAndView com.swinginwind.xql.wechat.controller.WxErrorController.errorHtml(javax.servlet.http.HttpServletRequest)
2018-07-13 17:42:59.416  INFO 16396 --- [main] s.w.s.m.m.a.RequestMappingHandlerMapping : Mapped "{[/wechat/menu/create],methods=[POST]}" onto public java.lang.String com.swinginwind.xql.wechat.controller.WxMenuController.menuCreate(me.chanjar.weixin.common.bean.menu.WxMenu) throws me.chanjar.weixin.common.exception.WxErrorException
2018-07-13 17:42:59.417  INFO 16396 --- [main] s.w.s.m.m.a.RequestMappingHandlerMapping : Mapped "{[/wechat/menu/create/{json}],methods=[GET]}" onto public java.lang.String com.swinginwind.xql.wechat.controller.WxMenuController.menuCreate(java.lang.String) throws me.chanjar.weixin.common.exception.WxErrorException
2018-07-13 17:42:59.420  INFO 16396 --- [main] s.w.s.m.m.a.RequestMappingHandlerMapping : Mapped "{[/wechat/menu/create],methods=[GET]}" onto public java.lang.String com.swinginwind.xql.wechat.controller.WxMenuController.menuCreateSample() throws me.chanjar.weixin.common.exception.WxErrorException
2018-07-13 17:42:59.421  INFO 16396 --- [main] s.w.s.m.m.a.RequestMappingHandlerMapping : Mapped "{[/wechat/menu/delete/{menuId}],methods=[GET]}" onto public void com.swinginwind.xql.wechat.controller.WxMenuController.menuDelete(java.lang.String) throws me.chanjar.weixin.common.exception.WxErrorException
2018-07-13 17:42:59.421  INFO 16396 --- [main] s.w.s.m.m.a.RequestMappingHandlerMapping : Mapped "{[/wechat/menu/delete],methods=[GET]}" onto public void com.swinginwind.xql.wechat.controller.WxMenuController.menuDelete() throws me.chanjar.weixin.common.exception.WxErrorException
2018-07-13 17:42:59.422  INFO 16396 --- [main] s.w.s.m.m.a.RequestMappingHandlerMapping : Mapped "{[/wechat/menu/getSelfMenuInfo],methods=[GET]}" onto public me.chanjar.weixin.mp.bean.menu.WxMpGetSelfMenuInfoResult com.swinginwind.xql.wechat.controller.WxMenuController.getSelfMenuInfo() throws me.chanjar.weixin.common.exception.WxErrorException
2018-07-13 17:42:59.422  INFO 16396 --- [main] s.w.s.m.m.a.RequestMappingHandlerMapping : Mapped "{[/wechat/menu/menuTryMatch/{userid}],methods=[GET]}" onto public me.chanjar.weixin.common.bean.menu.WxMenu com.swinginwind.xql.wechat.controller.WxMenuController.menuTryMatch(java.lang.String) throws me.chanjar.weixin.common.exception.WxErrorException
2018-07-13 17:42:59.423  INFO 16396 --- [main] s.w.s.m.m.a.RequestMappingHandlerMapping : Mapped "{[/wechat/menu/get],methods=[GET]}" onto public me.chanjar.weixin.mp.bean.menu.WxMpMenu com.swinginwind.xql.wechat.controller.WxMenuController.menuGet() throws me.chanjar.weixin.common.exception.WxErrorException
2018-07-13 17:42:59.533  INFO 16396 --- [main] o.s.w.s.handler.SimpleUrlHandlerMapping  : Mapped URL path [/webjars/**] onto handler of type [class org.springframework.web.servlet.resource.ResourceHttpRequestHandler]
2018-07-13 17:42:59.536  INFO 16396 --- [main] o.s.w.s.handler.SimpleUrlHandlerMapping  : Mapped URL path [/**] onto handler of type [class org.springframework.web.servlet.resource.ResourceHttpRequestHandler]
2018-07-13 17:42:59.594  INFO 16396 --- [main] .m.m.a.ExceptionHandlerExceptionResolver : Detected ResponseBodyAdvice implementation in fastJsonpResponseBodyAdvice
2018-07-13 17:42:59.599  INFO 16396 --- [main] .m.m.a.ExceptionHandlerExceptionResolver : Detected ResponseBodyAdvice implementation in JSONPResponseBodyAdvice
2018-07-13 17:42:59.601  INFO 16396 --- [main] .m.m.a.ExceptionHandlerExceptionResolver : Detected ResponseBodyAdvice implementation in fastJsonViewResponseBodyAdvice
2018-07-13 17:42:59.679  INFO 16396 --- [main] o.s.w.s.handler.SimpleUrlHandlerMapping  : Mapped URL path [/**/favicon.ico] onto handler of type [class org.springframework.web.servlet.resource.ResourceHttpRequestHandler]
2018-07-13 17:43:00.660  INFO 16396 --- [main] c.s.xql.pay.config.StartupRunner         : startup runner
2018-07-13 17:43:00.665  INFO 16396 --- [main] ACP_SDK_LOG                              : 从classpath: /F:/Career/Groups/Gener-Tech/AI-WorkSpace/Xql-Pay/target/test-classes/ 获取属性文件acp_sdk.properties
2018-07-13 17:43:00.669  INFO 16396 --- [main] ACP_SDK_LOG                              : 开始从属性文件中加载配置项
2018-07-13 17:43:00.675  INFO 16396 --- [main] ACP_SDK_LOG                              : 配置项：私钥签名证书路径==>acpsdk.signCert.path==>D:/certs/acp_test_sign.pfx 已加载
2018-07-13 17:43:00.675  INFO 16396 --- [main] ACP_SDK_LOG                              : 配置项：私钥签名证书密码==>acpsdk.signCert.pwd 已加载
2018-07-13 17:43:00.675  INFO 16396 --- [main] ACP_SDK_LOG                              : 配置项：私钥签名证书类型==>acpsdk.signCert.type==>PKCS12 已加载
2018-07-13 17:43:00.678  INFO 16396 --- [main] ACP_SDK_LOG                              : 配置项：敏感信息加密证书==>acpsdk.encryptCert.path==>D:/certs/acp_test_enc.cer 已加载
2018-07-13 17:43:00.679  INFO 16396 --- [main] c.swinginwind.xql.pay.config.TaskRunner  : task runner
2018-07-13 17:43:00.681  INFO 16396 --- [main] com.swinginwind.test.RunTest             : Started RunTest in 18.592 seconds (JVM running for 20.375)
2018-07-13 17:43:00.992  INFO 16396 --- [main] com.alibaba.druid.pool.DruidDataSource   : {dataSource-1} inited
2018-07-13 17:43:01.574  INFO 16396 --- [Thread-3] o.s.w.c.s.GenericWebApplicationContext   : Closing org.springframework.web.context.support.GenericWebApplicationContext@36f48b4: startup date [Fri Jul 13 17:42:43 CST 2018]; root of context hierarchy
2018-07-13 17:43:01.610  INFO 16396 --- [Thread-3] com.alibaba.druid.pool.DruidDataSource   : {dataSource-1} closed
